This file contains any messages produced by compilers while
running configure, to aid debugging if configure makes a mistake.

It was created by OpenJDK configure jdk8, which was
generated by GNU Autoconf 2.69.  Invocation command line was

  $ ./common/autoconf/configure --enable-option-checking=fatal --with-freetype=/cygdrive/d/xysziv/freetype-2.7 --with-target-bits=64 --enable-debug

## --------- ##
## Platform. ##
## --------- ##

hostname = SK-20210304FPYL
uname -m = x86_64
uname -r = 3.1.7(0.340/5/3)
uname -s = CYGWIN_NT-10.0
uname -v = 2020-08-22 17:48

/usr/bin/uname -p = unknown
/bin/uname -X     = unknown

/bin/arch              = x86_64
/usr/bin/arch -k       = unknown
/usr/convex/getsysinfo = unknown
/usr/bin/hostinfo      = unknown
/bin/machine           = unknown
/usr/bin/oslevel       = unknown
/bin/universe          = unknown

PATH: /usr/local/bin
PATH: /usr/bin
PATH: /cygdrive/c/Program Files (x86)/Common Files/Oracle/Java/javapath
PATH: /cygdrive/c/Windows/system32
PATH: /cygdrive/c/Windows
PATH: /cygdrive/c/Windows/System32/Wbem
PATH: /cygdrive/c/Windows/System32/WindowsPowerShell/v1.0
PATH: /cygdrive/c/Windows/System32/OpenSSH
PATH: /cygdrive/c/Program Files/Git/cmd
PATH: /cygdrive/c/Users/Administrator/AppData/Local/Microsoft/WindowsApps
PATH: /cygdrive/c/Program Files/JetBrains/IntelliJ IDEA 2020.3.3/bin


## ----------- ##
## Core tests. ##
## ----------- ##

configure:3892: Configuration created at Wed Jun  2 17:11:01 CST 2021.
configure:3894: configure script generated at timestamp 1416326200.
configure:3911: checking for basename
configure:3929: found /usr/bin/basename
configure:3941: result: /usr/bin/basename
configure:3970: checking for bash
configure:4000: result: /usr/bin/bash
configure:4029: checking for cat
configure:4047: found /usr/bin/cat
configure:4059: result: /usr/bin/cat
configure:4088: checking for chmod
configure:4106: found /usr/bin/chmod
configure:4118: result: /usr/bin/chmod
configure:4147: checking for cmp
configure:4165: found /usr/bin/cmp
configure:4177: result: /usr/bin/cmp
configure:4206: checking for comm
configure:4224: found /usr/bin/comm
configure:4236: result: /usr/bin/comm
configure:4265: checking for cp
configure:4283: found /usr/bin/cp
configure:4295: result: /usr/bin/cp
configure:4324: checking for cpio
configure:4342: found /usr/bin/cpio
configure:4354: result: /usr/bin/cpio
configure:4383: checking for cut
configure:4401: found /usr/bin/cut
configure:4413: result: /usr/bin/cut
configure:4442: checking for date
configure:4460: found /usr/bin/date
configure:4472: result: /usr/bin/date
configure:4501: checking for gdiff
configure:4534: result: no
configure:4501: checking for diff
configure:4519: found /usr/bin/diff
configure:4531: result: /usr/bin/diff
configure:4560: checking for dirname
configure:4578: found /usr/bin/dirname
configure:4590: result: /usr/bin/dirname
configure:4619: checking for echo
configure:4637: found /usr/bin/echo
configure:4649: result: /usr/bin/echo
configure:4678: checking for expr
configure:4696: found /usr/bin/expr
configure:4708: result: /usr/bin/expr
configure:4737: checking for file
configure:4755: found /usr/bin/file
configure:4767: result: /usr/bin/file
configure:4796: checking for find
configure:4814: found /usr/bin/find
configure:4826: result: /usr/bin/find
configure:4855: checking for head
configure:4873: found /usr/bin/head
configure:4885: result: /usr/bin/head
configure:4914: checking for ln
configure:4932: found /usr/bin/ln
configure:4944: result: /usr/bin/ln
configure:4973: checking for ls
configure:4991: found /usr/bin/ls
configure:5003: result: /usr/bin/ls
configure:5032: checking for mkdir
configure:5050: found /usr/bin/mkdir
configure:5062: result: /usr/bin/mkdir
configure:5091: checking for mktemp
configure:5109: found /usr/bin/mktemp
configure:5121: result: /usr/bin/mktemp
configure:5150: checking for mv
configure:5168: found /usr/bin/mv
configure:5180: result: /usr/bin/mv
configure:5209: checking for printf
configure:5227: found /usr/bin/printf
configure:5239: result: /usr/bin/printf
configure:5268: checking for rm
configure:5286: found /usr/bin/rm
configure:5298: result: /usr/bin/rm
configure:5327: checking for sh
configure:5345: found /usr/bin/sh
configure:5357: result: /usr/bin/sh
configure:5386: checking for sort
configure:5404: found /usr/bin/sort
configure:5416: result: /usr/bin/sort
configure:5445: checking for tail
configure:5463: found /usr/bin/tail
configure:5475: result: /usr/bin/tail
configure:5504: checking for tar
configure:5522: found /usr/bin/tar
configure:5534: result: /usr/bin/tar
configure:5563: checking for tee
configure:5581: found /usr/bin/tee
configure:5593: result: /usr/bin/tee
configure:5622: checking for touch
configure:5640: found /usr/bin/touch
configure:5652: result: /usr/bin/touch
configure:5681: checking for tr
configure:5699: found /usr/bin/tr
configure:5711: result: /usr/bin/tr
configure:5740: checking for uname
configure:5758: found /usr/bin/uname
configure:5770: result: /usr/bin/uname
configure:5799: checking for uniq
configure:5817: found /usr/bin/uniq
configure:5829: result: /usr/bin/uniq
configure:5858: checking for wc
configure:5876: found /usr/bin/wc
configure:5888: result: /usr/bin/wc
configure:5917: checking for which
configure:5935: found /usr/bin/which
configure:5947: result: /usr/bin/which
configure:5976: checking for xargs
configure:5994: found /usr/bin/xargs
configure:6006: result: /usr/bin/xargs
configure:6036: checking for gawk
configure:6052: found /usr/bin/gawk
configure:6063: result: gawk
configure:6086: checking for grep that handles long lines and -e
configure:6144: result: /usr/bin/grep
configure:6161: checking for egrep
configure:6223: result: /usr/bin/grep -E
configure:6240: checking for fgrep
configure:6302: result: /usr/bin/grep -F
configure:6319: checking for a sed that does not truncate output
configure:6383: result: /usr/bin/sed
configure:6405: checking for nawk
configure:6438: result: no
configure:6405: checking for gawk
configure:6423: found /usr/bin/gawk
configure:6435: result: /usr/bin/gawk
configure:6469: checking for cygpath
configure:6487: found /usr/bin/cygpath
configure:6499: result: /usr/bin/cygpath
configure:6509: checking for readlink
configure:6527: found /usr/bin/readlink
configure:6539: result: /usr/bin/readlink
configure:6549: checking for df
configure:6567: found /usr/bin/df
configure:6579: result: /usr/bin/df
configure:6589: checking for SetFile
configure:6622: result: no
configure:6635: checking build system type
configure:6649: result: x86_64-unknown-cygwin
configure:6669: checking host system type
configure:6682: result: x86_64-unknown-cygwin
configure:6702: checking target system type
configure:6715: result: x86_64-unknown-cygwin
configure:6887: checking openjdk-build os-cpu
configure:6889: result: windows-x86_64
configure:7018: checking openjdk-target os-cpu
configure:7020: result: windows-x86_64
configure:7062: --with-target-bits are set to build platform address size; argument has no meaning
configure:7070: checking compilation type
configure:7072: result: native
configure:7241: checking cygwin release
configure:7244: result: 3.1.7(0.340/5/3)
configure:7258: checking cygwin root directory as unix-style path
configure:7264: result: /cygdrive/c/cygwin64
configure:7303: checking what kind of 'find' is first on the PATH
configure:7307: result: unix style
configure:7771: checking for presence of closed sources
configure:7778: result: no
configure:7781: checking if closed source is suppressed (openjdk-only)
configure:7784: result: no
configure:7821: checking which variant of the JDK to build
configure:7838: result: normal
configure:7848: checking which interpreter of the JVM to build
configure:7869: result: template
configure:7886: checking which variants of the JVM to build
configure:7905: result: server
configure:7977: checking which debug level to use
configure:8001: result: fastdebug
configure:8166: checking what configuration name to use
configure:8168: result: windows-x86_64-normal-server-fastdebug
configure:8335: checking for apt-get
configure:8365: result: no
configure:8335: checking for yum
configure:8365: result: no
configure:8335: checking for port
configure:8365: result: no
configure:8335: checking for pkgutil
configure:8365: result: no
configure:8335: checking for pkgadd
configure:8365: result: no
configure:8700: checking for gmake
configure:8733: result: no
configure:9054: checking for make
configure:9072: found /usr/bin/make
configure:9084: result: /usr/bin/make
configure:9099: Testing potential make at /usr/bin/make, found using make in PATH
configure:10126: Using GNU make 3.81 (or later) at /usr/bin/make (version: GNU Make 4.3)
configure:10132: checking if find supports -delete
configure:10148: result: yes
configure:10162: checking for unzip
configure:10180: found /usr/bin/unzip
configure:10192: result: /usr/bin/unzip
configure:10221: checking for zip
configure:10239: found /usr/bin/zip
configure:10251: result: /usr/bin/zip
configure:10280: checking for ldd
configure:10298: found /usr/bin/ldd
configure:10310: result: /usr/bin/ldd
configure:10326: checking for otool
configure:10359: result: no
configure:10371: checking for readelf
configure:10389: found /usr/bin/readelf
configure:10401: result: /usr/bin/readelf
configure:10414: checking for hg
configure:10447: result: no
configure:10454: checking for stat
configure:10472: found /usr/bin/stat
configure:10484: result: /usr/bin/stat
configure:10494: checking for time
configure:10527: result: no
configure:10547: checking for comm
configure:10577: result: /usr/bin/comm
configure:10831: checking for pkg-config
configure:10864: result: no
configure:11004: checking for 7z
configure:11034: result: no
configure:11004: checking for unzip
configure:11020: found /usr/bin/unzip
configure:11031: result: unzip
configure:11050: checking for wget
configure:11080: result: no
configure:11050: checking for lftp
configure:11080: result: no
configure:11050: checking for ftp
configure:11066: found /cygdrive/c/Windows/system32/ftp
configure:11077: result: ftp
configure:11104: checking headful support
configure:11128: result: include support for both headful and headless
configure:12366: checking for javac
configure:12399: result: no
configure:12406: checking for java
configure:12424: found /cygdrive/c/Program Files (x86)/Common Files/Oracle/Java/javapath/java
configure:12436: result: /cygdrive/c/Program Files (x86)/Common Files/Oracle/Java/javapath/java
configure:12722: Found potential Boot JDK using well-known locations (in /cygdrive/c/Program Files/Java/jre1.8.0_281)
configure:12737: Potential Boot JDK found at /cygdrive/c/Program Files/Java/jre1.8.0_281 did not contain bin/javac; ignoring
configure:12739: (This might be an JRE instead of an JDK)
configure:12722: Found potential Boot JDK using well-known locations (in /cygdrive/c/Program Files/Java/jdk1.8.0_281)
configure:12821: Rewriting BOOT_JDK to "/cygdrive/c/progra~1/java/jdk18~1.0_2"
configure:12885: checking for Boot JDK
configure:12887: result: /cygdrive/c/progra~1/java/jdk18~1.0_2
configure:12889: checking Boot JDK version
configure:12892: result: java version "1.8.0_281"  Java(TM) SE Runtime Environment (build 1.8.0_281-b09)  Java HotSpot(TM) 64-Bit Server VM (build 25.281-b09, mixed mode)  
configure:15974: checking for java in Boot JDK
configure:15984: result: ok
configure:15988: checking for javac in Boot JDK
configure:15998: result: ok
configure:16002: checking for javah in Boot JDK
configure:16012: result: ok
configure:16016: checking for javap in Boot JDK
configure:16026: result: ok
configure:16030: checking for jar in Boot JDK
configure:16040: result: ok
configure:16044: checking for rmic in Boot JDK
configure:16054: result: ok
configure:16058: checking for native2ascii in Boot JDK
configure:16068: result: ok
configure:16091: checking flags for boot jdk java command 
Check if jvm arg is ok: -XX:-PrintVMOptions -XX:-UnlockDiagnosticVMOptions -XX:-LogVMOutput
Command: /cygdrive/c/progra~1/java/jdk18~1.0_2/bin/java -XX:-PrintVMOptions -XX:-UnlockDiagnosticVMOptions -XX:-LogVMOutput -version
Arg failed:
Error: VM option 'LogVMOutput' is diagnostic and must be enabled via -XX:+UnlockDiagnosticVMOptions.
Error: Could not create the Java Virtual Machine.
Error: A fatal exception has occurred. Program will exit.
Check if jvm arg is ok: 
Command: /cygdrive/c/progra~1/java/jdk18~1.0_2/bin/java  -version
configure:16128: result:  
configure:16136: checking flags for boot jdk java command for big workloads
Check if jvm arg is ok: -Xms64M
Command: /cygdrive/c/progra~1/java/jdk18~1.0_2/bin/java -Xms64M -version
Check if jvm arg is ok: -Xmx1600M
Command: /cygdrive/c/progra~1/java/jdk18~1.0_2/bin/java -Xmx1600M -version
Check if jvm arg is ok: -XX:ThreadStackSize=1536
Command: /cygdrive/c/progra~1/java/jdk18~1.0_2/bin/java -XX:ThreadStackSize=1536 -version
Check if jvm arg is ok: -XX:PermSize=32m
Command: /cygdrive/c/progra~1/java/jdk18~1.0_2/bin/java -XX:PermSize=32m -version
Arg failed:
Java HotSpot(TM) 64-Bit Server VM warning: ignoring option PermSize=32m; support was removed in 8.0
java version "1.8.0_281"
Java(TM) SE Runtime Environment (build 1.8.0_281-b09)
Java HotSpot(TM) 64-Bit Server VM (build 25.281-b09, mixed mode)
Check if jvm arg is ok: -XX:MaxPermSize=160m
Command: /cygdrive/c/progra~1/java/jdk18~1.0_2/bin/java -XX:MaxPermSize=160m -version
Arg failed:
Java HotSpot(TM) 64-Bit Server VM warning: ignoring option MaxPermSize=160m; support was removed in 8.0
java version "1.8.0_281"
Java(TM) SE Runtime Environment (build 1.8.0_281-b09)
Java HotSpot(TM) 64-Bit Server VM (build 25.281-b09, mixed mode)
configure:16230: result:  -Xms64M -Xmx1600M -XX:ThreadStackSize=1536
configure:16237: checking flags for boot jdk java command for small workloads
Check if jvm arg is ok: -XX:+UseSerialGC
Command: /cygdrive/c/progra~1/java/jdk18~1.0_2/bin/java -XX:+UseSerialGC -version
Check if jvm arg is ok: -Xms32M
Command: /cygdrive/c/progra~1/java/jdk18~1.0_2/bin/java -Xms32M -version
Check if jvm arg is ok: -Xmx512M
Command: /cygdrive/c/progra~1/java/jdk18~1.0_2/bin/java -Xmx512M -version
configure:16287: result:  -XX:+UseSerialGC -Xms32M -Xmx512M
configure:16655: checking for jtreg
configure:16657: result: no
configure:16877: checking for link
configure:16895: found /usr/bin/link
configure:16907: result: /usr/bin/link
configure:16916: checking if the first found link.exe is actually the Cygwin link tool
configure:16920: result: yes
configure:16998: Found Visual Studio installation at /cygdrive/c/Program Files (x86)/Microsoft Visual Studio 10.0/ using VS100COMNTOOLS variable
configure:17569: Rewriting VS_ENV_CMD to "/cygdrive/c/progra~2/micros~2.0/vc/bin/amd64/vcvars64.bat"
configure:17575: Trying to extract Visual Studio environment variables
configure:17629: Setting extracted environment variables
configure:17639: checking for Visual Studio variables
configure:17648: result: ok
configure:17750: Found msvcr100.dll at /cygdrive/c/Program Files (x86)/Microsoft Visual Studio 10.0/VC//redist/x64/Microsoft.VC100.CRT/msvcr100.dll using well-known location in VCINSTALLDIR
configure:17754: checking found msvcr100.dll architecture
configure:17763: result: ok
configure:17766: checking for msvcr100.dll
configure:17768: result: /cygdrive/c/Program Files (x86)/Microsoft Visual Studio 10.0/VC//redist/x64/Microsoft.VC100.CRT/msvcr100.dll
configure:18035: Rewriting MSVCR_DLL to "/cygdrive/c/progra~2/micros~2.0/vc/redist/x64/micros~1.crt/msvcr100.dll"
configure:19335: checking for cl
configure:19353: found /cygdrive/c/Program Files (x86)/Microsoft Visual Studio 10.0/VC/BIN/amd64/cl
configure:19365: result: /cygdrive/c/Program Files (x86)/Microsoft Visual Studio 10.0/VC/BIN/amd64/cl
configure:19674: Rewriting CC to "/cygdrive/c/progra~2/micros~2.0/vc/bin/amd64/cl"
configure:19682: checking resolved symbolic links for CC
configure:19732: result: /cygdrive/c/progra~2/micros~2.0/vc/bin/amd64/cl
configure:19735: checking if CC is disguised ccache
configure:20174: result: no, keeping CC
configure:20245: Using Microsoft CL.EXE C compiler version 16.00.30319.01 (located at /cygdrive/c/progra~2/micros~2.0/vc/bin/amd64/cl)
configure:20362: checking for C compiler version
configure:20371: /cygdrive/c/progra~2/micros~2.0/vc/bin/amd64/cl --version >&5
Microsoft (R) C/C++ Optimizing Compiler Version 16.00.30319.01 for x64
Copyright (C) Microsoft Corporation.  All rights reserved.

cl : Command line warning D9002 : ignoring unknown option '--version'
cl : Command line error D8003 : missing source filename
configure:20382: $? = 2
configure:20371: /cygdrive/c/progra~2/micros~2.0/vc/bin/amd64/cl -v >&5
Microsoft (R) C/C++ Optimizing Compiler Version 16.00.30319.01 for x64
Copyright (C) Microsoft Corporation.  All rights reserved.

cl : Command line warning D9002 : ignoring unknown option '-v'
cl : Command line error D8003 : missing source filename
configure:20382: $? = 2
configure:20371: /cygdrive/c/progra~2/micros~2.0/vc/bin/amd64/cl -V >&5
Microsoft (R) C/C++ Optimizing Compiler Version 16.00.30319.01 for x64
Copyright (C) Microsoft Corporation.  All rights reserved.

cl : Command line error D8004 : '/V' requires an argument
configure:20382: $? = 2
configure:20371: /cygdrive/c/progra~2/micros~2.0/vc/bin/amd64/cl -qversion >&5
Microsoft (R) C/C++ Optimizing Compiler Version 16.00.30319.01 for x64
Copyright (C) Microsoft Corporation.  All rights reserved.

cl : Command line warning D9002 : ignoring unknown option '-qversion'
cl : Command line error D8003 : missing source filename
configure:20382: $? = 2
configure:20402: checking whether the C compiler works
configure:20424: /cygdrive/c/progra~2/micros~2.0/vc/bin/amd64/cl    conftest.c  >&5
Microsoft (R) C/C++ Optimizing Compiler Version 16.00.30319.01 for x64
Copyright (C) Microsoft Corporation.  All rights reserved.

conftest.c
Microsoft (R) Incremental Linker Version 10.00.30319.01
Copyright (C) Microsoft Corporation.  All rights reserved.

/out:conftest.exe 
conftest.obj 
configure:20428: $? = 0
configure:20476: result: yes
configure:20479: checking for C compiler default output file name
configure:20481: result: conftest.exe
configure:20487: checking for suffix of executables
configure:20494: /cygdrive/c/progra~2/micros~2.0/vc/bin/amd64/cl -o conftest.exe    conftest.c  >&5
Microsoft (R) C/C++ Optimizing Compiler Version 16.00.30319.01 for x64
Copyright (C) Microsoft Corporation.  All rights reserved.

cl : Command line warning D9035 : option 'o' has been deprecated and will be removed in a future release
conftest.c
Microsoft (R) Incremental Linker Version 10.00.30319.01
Copyright (C) Microsoft Corporation.  All rights reserved.

/out:conftest.exe 
/out:conftest.exe 
conftest.obj 
configure:20498: $? = 0
configure:20520: result: .exe
configure:20542: checking whether we are cross compiling
configure:20550: /cygdrive/c/progra~2/micros~2.0/vc/bin/amd64/cl -o conftest.exe    conftest.c  >&5
Microsoft (R) C/C++ Optimizing Compiler Version 16.00.30319.01 for x64
Copyright (C) Microsoft Corporation.  All rights reserved.

cl : Command line warning D9035 : option 'o' has been deprecated and will be removed in a future release
conftest.c
Microsoft (R) Incremental Linker Version 10.00.30319.01
Copyright (C) Microsoft Corporation.  All rights reserved.

/out:conftest.exe 
/out:conftest.exe 
conftest.obj 
configure:20554: $? = 0
configure:20561: ./conftest.exe
configure:20565: $? = 0
configure:20580: result: no
configure:20585: checking for suffix of object files
configure:20607: /cygdrive/c/progra~2/micros~2.0/vc/bin/amd64/cl -c   conftest.c >&5
Microsoft (R) C/C++ Optimizing Compiler Version 16.00.30319.01 for x64
Copyright (C) Microsoft Corporation.  All rights reserved.

conftest.c
configure:20611: $? = 0
configure:20632: result: obj
configure:20636: checking whether we are using the GNU C compiler
configure:20655: /cygdrive/c/progra~2/micros~2.0/vc/bin/amd64/cl -c   conftest.c >&5
conftest.c
conftest.c(14) : error C2065: 'choke' : undeclared identifier
conftest.c(14) : error C2146: syntax error : missing ';' before identifier 'me'
conftest.c(17) : error C2065: 'me' : undeclared identifier
Microsoft (R) C/C++ Optimizing Compiler Version 16.00.30319.01 for x64
Copyright (C) Microsoft Corporation.  All rights reserved.

configure:20655: $? = 2
configure: failed program was:
| /* confdefs.h */
| #define PACKAGE_NAME "OpenJDK"
| #define PACKAGE_TARNAME "openjdk"
| #define PACKAGE_VERSION "jdk8"
| #define PACKAGE_STRING "OpenJDK jdk8"
| #define PACKAGE_BUGREPORT "build-dev@openjdk.java.net"
| #define PACKAGE_URL "http://openjdk.java.net"
| /* end confdefs.h.  */
| 
| int
| main ()
| {
| #ifndef __GNUC__
|        choke me
| #endif
| 
|   ;
|   return 0;
| }
configure:20664: result: no
configure:20673: checking whether /cygdrive/c/progra~2/micros~2.0/vc/bin/amd64/cl accepts -g
configure:20693: /cygdrive/c/progra~2/micros~2.0/vc/bin/amd64/cl -c -g  conftest.c >&5
conftest.c
Microsoft (R) C/C++ Optimizing Compiler Version 16.00.30319.01 for x64
Copyright (C) Microsoft Corporation.  All rights reserved.

cl : Command line warning D9002 : ignoring unknown option '-g'
configure:20693: $? = 0
configure: failed program was:
| /* confdefs.h */
| #define PACKAGE_NAME "OpenJDK"
| #define PACKAGE_TARNAME "openjdk"
| #define PACKAGE_VERSION "jdk8"
| #define PACKAGE_STRING "OpenJDK jdk8"
| #define PACKAGE_BUGREPORT "build-dev@openjdk.java.net"
| #define PACKAGE_URL "http://openjdk.java.net"
| /* end confdefs.h.  */
| 
| int
| main ()
| {
| 
|   ;
|   return 0;
| }
configure:20708: /cygdrive/c/progra~2/micros~2.0/vc/bin/amd64/cl -c   conftest.c >&5
conftest.c
Microsoft (R) C/C++ Optimizing Compiler Version 16.00.30319.01 for x64
Copyright (C) Microsoft Corporation.  All rights reserved.

configure:20708: $? = 0
configure: failed program was:
| /* confdefs.h */
| #define PACKAGE_NAME "OpenJDK"
| #define PACKAGE_TARNAME "openjdk"
| #define PACKAGE_VERSION "jdk8"
| #define PACKAGE_STRING "OpenJDK jdk8"
| #define PACKAGE_BUGREPORT "build-dev@openjdk.java.net"
| #define PACKAGE_URL "http://openjdk.java.net"
| /* end confdefs.h.  */
| 
| int
| main ()
| {
| 
|   ;
|   return 0;
| }
configure:20724: /cygdrive/c/progra~2/micros~2.0/vc/bin/amd64/cl -c -g  conftest.c >&5
conftest.c
Microsoft (R) C/C++ Optimizing Compiler Version 16.00.30319.01 for x64
Copyright (C) Microsoft Corporation.  All rights reserved.

cl : Command line warning D9002 : ignoring unknown option '-g'
configure:20724: $? = 0
configure:20734: result: yes
configure:20751: checking for /cygdrive/c/progra~2/micros~2.0/vc/bin/amd64/cl option to accept ISO C89
configure:20814: /cygdrive/c/progra~2/micros~2.0/vc/bin/amd64/cl  -c -g  conftest.c >&5
conftest.c
conftest.c(54) : warning C4113: 'char *(__cdecl *)()' differs in parameter lists from 'char *(__cdecl *)(char **,int)'
conftest.c(54) : warning C4113: 'char *(__cdecl *)()' differs in parameter lists from 'char *(__cdecl *)(char **,int)'
Microsoft (R) C/C++ Optimizing Compiler Version 16.00.30319.01 for x64
Copyright (C) Microsoft Corporation.  All rights reserved.

cl : Command line warning D9002 : ignoring unknown option '-g'
configure:20814: $? = 0
configure:20827: result: none needed
configure:20936: checking for cl
configure:20954: found /cygdrive/c/Program Files (x86)/Microsoft Visual Studio 10.0/VC/BIN/amd64/cl
configure:20966: result: /cygdrive/c/Program Files (x86)/Microsoft Visual Studio 10.0/VC/BIN/amd64/cl
configure:21275: Rewriting CXX to "/cygdrive/c/progra~2/micros~2.0/vc/bin/amd64/cl"
configure:21283: checking resolved symbolic links for CXX
configure:21333: result: /cygdrive/c/progra~2/micros~2.0/vc/bin/amd64/cl
configure:21336: checking if CXX is disguised ccache
configure:21775: result: no, keeping CXX
configure:21846: Using Microsoft CL.EXE C++ compiler version 16.00.30319.01 (located at /cygdrive/c/progra~2/micros~2.0/vc/bin/amd64/cl)
configure:21963: checking for C++ compiler version
configure:21972: /cygdrive/c/progra~2/micros~2.0/vc/bin/amd64/cl --version >&5
Microsoft (R) C/C++ Optimizing Compiler Version 16.00.30319.01 for x64
Copyright (C) Microsoft Corporation.  All rights reserved.

cl : Command line warning D9002 : ignoring unknown option '--version'
cl : Command line error D8003 : missing source filename
configure:21983: $? = 2
configure:21972: /cygdrive/c/progra~2/micros~2.0/vc/bin/amd64/cl -v >&5
Microsoft (R) C/C++ Optimizing Compiler Version 16.00.30319.01 for x64
Copyright (C) Microsoft Corporation.  All rights reserved.

cl : Command line warning D9002 : ignoring unknown option '-v'
cl : Command line error D8003 : missing source filename
configure:21983: $? = 2
configure:21972: /cygdrive/c/progra~2/micros~2.0/vc/bin/amd64/cl -V >&5
Microsoft (R) C/C++ Optimizing Compiler Version 16.00.30319.01 for x64
Copyright (C) Microsoft Corporation.  All rights reserved.

cl : Command line error D8004 : '/V' requires an argument
configure:21983: $? = 2
configure:21972: /cygdrive/c/progra~2/micros~2.0/vc/bin/amd64/cl -qversion >&5
Microsoft (R) C/C++ Optimizing Compiler Version 16.00.30319.01 for x64
Copyright (C) Microsoft Corporation.  All rights reserved.

cl : Command line warning D9002 : ignoring unknown option '-qversion'
cl : Command line error D8003 : missing source filename
configure:21983: $? = 2
configure:21987: checking whether we are using the GNU C++ compiler
configure:22006: /cygdrive/c/progra~2/micros~2.0/vc/bin/amd64/cl -c   conftest.cpp >&5
conftest.cpp
conftest.cpp(17) : error C2065: 'choke' : undeclared identifier
conftest.cpp(17) : error C2146: syntax error : missing ';' before identifier 'me'
conftest.cpp(17) : error C2065: 'me' : undeclared identifier
Microsoft (R) C/C++ Optimizing Compiler Version 16.00.30319.01 for x64
Copyright (C) Microsoft Corporation.  All rights reserved.

configure:22006: $? = 2
configure: failed program was:
| /* confdefs.h */
| #define PACKAGE_NAME "OpenJDK"
| #define PACKAGE_TARNAME "openjdk"
| #define PACKAGE_VERSION "jdk8"
| #define PACKAGE_STRING "OpenJDK jdk8"
| #define PACKAGE_BUGREPORT "build-dev@openjdk.java.net"
| #define PACKAGE_URL "http://openjdk.java.net"
| /* end confdefs.h.  */
| 
| int
| main ()
| {
| #ifndef __GNUC__
|        choke me
| #endif
| 
|   ;
|   return 0;
| }
configure:22015: result: no
configure:22024: checking whether /cygdrive/c/progra~2/micros~2.0/vc/bin/amd64/cl accepts -g
configure:22044: /cygdrive/c/progra~2/micros~2.0/vc/bin/amd64/cl -c -g  conftest.cpp >&5
conftest.cpp
Microsoft (R) C/C++ Optimizing Compiler Version 16.00.30319.01 for x64
Copyright (C) Microsoft Corporation.  All rights reserved.

cl : Command line warning D9002 : ignoring unknown option '-g'
configure:22044: $? = 0
configure: failed program was:
| /* confdefs.h */
| #define PACKAGE_NAME "OpenJDK"
| #define PACKAGE_TARNAME "openjdk"
| #define PACKAGE_VERSION "jdk8"
| #define PACKAGE_STRING "OpenJDK jdk8"
| #define PACKAGE_BUGREPORT "build-dev@openjdk.java.net"
| #define PACKAGE_URL "http://openjdk.java.net"
| /* end confdefs.h.  */
| 
| int
| main ()
| {
| 
|   ;
|   return 0;
| }
configure:22059: /cygdrive/c/progra~2/micros~2.0/vc/bin/amd64/cl -c   conftest.cpp >&5
conftest.cpp
Microsoft (R) C/C++ Optimizing Compiler Version 16.00.30319.01 for x64
Copyright (C) Microsoft Corporation.  All rights reserved.

configure:22059: $? = 0
configure: failed program was:
| /* confdefs.h */
| #define PACKAGE_NAME "OpenJDK"
| #define PACKAGE_TARNAME "openjdk"
| #define PACKAGE_VERSION "jdk8"
| #define PACKAGE_STRING "OpenJDK jdk8"
| #define PACKAGE_BUGREPORT "build-dev@openjdk.java.net"
| #define PACKAGE_URL "http://openjdk.java.net"
| /* end confdefs.h.  */
| 
| int
| main ()
| {
| 
|   ;
|   return 0;
| }
configure:22075: /cygdrive/c/progra~2/micros~2.0/vc/bin/amd64/cl -c -g  conftest.cpp >&5
conftest.cpp
Microsoft (R) C/C++ Optimizing Compiler Version 16.00.30319.01 for x64
Copyright (C) Microsoft Corporation.  All rights reserved.

cl : Command line warning D9002 : ignoring unknown option '-g'
configure:22075: $? = 0
configure:22085: result: yes
configure:23039: checking for link
configure:23060: found /cygdrive/c/Program Files (x86)/Microsoft Visual Studio 10.0/VC/BIN/amd64/link
configure:23083: result: link
configure:23355: Rewriting WINLD to "/cygdrive/c/progra~2/micros~2.0/vc/bin/amd64/link"
configure:23360: checking if the found link.exe is actually the Visual Studio linker
configure:23368: result: yes
configure:23378: checking for mt
configure:23399: found /cygdrive/c/Program Files (x86)/Microsoft SDKs/Windows/v7.0A/bin/x64/mt
configure:23422: result: mt
configure:23692: Rewriting MT to "/cygdrive/c/progra~2/micros~2/windows/v7.0a/bin/x64/mt"
configure:23699: checking for rc
configure:23720: found /cygdrive/c/Program Files (x86)/Microsoft SDKs/Windows/v7.0A/bin/x64/rc
configure:23743: result: rc
configure:24013: Rewriting RC to "/cygdrive/c/progra~2/micros~2/windows/v7.0a/bin/x64/rc"
configure:24091: checking for lib
configure:24107: found /cygdrive/c/Program Files (x86)/Microsoft Visual Studio 10.0/VC/BIN/amd64/lib
configure:24118: result: lib
configure:24388: Rewriting WINAR to "/cygdrive/c/progra~2/micros~2.0/vc/bin/amd64/lib"
configure:24397: checking for dumpbin
configure:24413: found /cygdrive/c/Program Files (x86)/Microsoft Visual Studio 10.0/VC/BIN/amd64/dumpbin
configure:24424: result: dumpbin
configure:24694: Rewriting DUMPBIN to "/cygdrive/c/progra~2/micros~2.0/vc/bin/amd64/dumpbin"
configure:24711: checking how to run the C preprocessor
configure:24742: /cygdrive/c/progra~2/micros~2.0/vc/bin/amd64/cl -E  conftest.c
Microsoft (R) C/C++ Optimizing Compiler Version 16.00.30319.01 for x64
Copyright (C) Microsoft Corporation.  All rights reserved.

conftest.c
configure:24742: $? = 0
configure:24756: /cygdrive/c/progra~2/micros~2.0/vc/bin/amd64/cl -E  conftest.c
Microsoft (R) C/C++ Optimizing Compiler Version 16.00.30319.01 for x64
Copyright (C) Microsoft Corporation.  All rights reserved.

conftest.c
conftest.c(9) : fatal error C1083: Cannot open include file: 'ac_nonexistent.h': No such file or directory
configure:24756: $? = 2
configure: failed program was:
| /* confdefs.h */
| #define PACKAGE_NAME "OpenJDK"
| #define PACKAGE_TARNAME "openjdk"
| #define PACKAGE_VERSION "jdk8"
| #define PACKAGE_STRING "OpenJDK jdk8"
| #define PACKAGE_BUGREPORT "build-dev@openjdk.java.net"
| #define PACKAGE_URL "http://openjdk.java.net"
| /* end confdefs.h.  */
| #include <ac_nonexistent.h>
configure:24781: result: /cygdrive/c/progra~2/micros~2.0/vc/bin/amd64/cl -E
configure:24801: /cygdrive/c/progra~2/micros~2.0/vc/bin/amd64/cl -E  conftest.c
Microsoft (R) C/C++ Optimizing Compiler Version 16.00.30319.01 for x64
Copyright (C) Microsoft Corporation.  All rights reserved.

conftest.c
configure:24801: $? = 0
configure:24815: /cygdrive/c/progra~2/micros~2.0/vc/bin/amd64/cl -E  conftest.c
Microsoft (R) C/C++ Optimizing Compiler Version 16.00.30319.01 for x64
Copyright (C) Microsoft Corporation.  All rights reserved.

conftest.c
conftest.c(9) : fatal error C1083: Cannot open include file: 'ac_nonexistent.h': No such file or directory
configure:24815: $? = 2
configure: failed program was:
| /* confdefs.h */
| #define PACKAGE_NAME "OpenJDK"
| #define PACKAGE_TARNAME "openjdk"
| #define PACKAGE_VERSION "jdk8"
| #define PACKAGE_STRING "OpenJDK jdk8"
| #define PACKAGE_BUGREPORT "build-dev@openjdk.java.net"
| #define PACKAGE_URL "http://openjdk.java.net"
| /* end confdefs.h.  */
| #include <ac_nonexistent.h>
configure:25115: checking how to run the C++ preprocessor
configure:25142: /cygdrive/c/progra~2/micros~2.0/vc/bin/amd64/cl -E  conftest.cpp
Microsoft (R) C/C++ Optimizing Compiler Version 16.00.30319.01 for x64
Copyright (C) Microsoft Corporation.  All rights reserved.

conftest.cpp
configure:25142: $? = 0
configure:25156: /cygdrive/c/progra~2/micros~2.0/vc/bin/amd64/cl -E  conftest.cpp
Microsoft (R) C/C++ Optimizing Compiler Version 16.00.30319.01 for x64
Copyright (C) Microsoft Corporation.  All rights reserved.

conftest.cpp
conftest.cpp(9) : fatal error C1083: Cannot open include file: 'ac_nonexistent.h': No such file or directory
configure:25156: $? = 2
configure: failed program was:
| /* confdefs.h */
| #define PACKAGE_NAME "OpenJDK"
| #define PACKAGE_TARNAME "openjdk"
| #define PACKAGE_VERSION "jdk8"
| #define PACKAGE_STRING "OpenJDK jdk8"
| #define PACKAGE_BUGREPORT "build-dev@openjdk.java.net"
| #define PACKAGE_URL "http://openjdk.java.net"
| /* end confdefs.h.  */
| #include <ac_nonexistent.h>
configure:25181: result: /cygdrive/c/progra~2/micros~2.0/vc/bin/amd64/cl -E
configure:25201: /cygdrive/c/progra~2/micros~2.0/vc/bin/amd64/cl -E  conftest.cpp
Microsoft (R) C/C++ Optimizing Compiler Version 16.00.30319.01 for x64
Copyright (C) Microsoft Corporation.  All rights reserved.

conftest.cpp
configure:25201: $? = 0
configure:25215: /cygdrive/c/progra~2/micros~2.0/vc/bin/amd64/cl -E  conftest.cpp
Microsoft (R) C/C++ Optimizing Compiler Version 16.00.30319.01 for x64
Copyright (C) Microsoft Corporation.  All rights reserved.

conftest.cpp
conftest.cpp(9) : fatal error C1083: Cannot open include file: 'ac_nonexistent.h': No such file or directory
configure:25215: $? = 2
configure: failed program was:
| /* confdefs.h */
| #define PACKAGE_NAME "OpenJDK"
| #define PACKAGE_TARNAME "openjdk"
| #define PACKAGE_VERSION "jdk8"
| #define PACKAGE_STRING "OpenJDK jdk8"
| #define PACKAGE_BUGREPORT "build-dev@openjdk.java.net"
| #define PACKAGE_URL "http://openjdk.java.net"
| /* end confdefs.h.  */
| #include <ac_nonexistent.h>
configure:28212: checking for gobjdump
configure:28242: result: no
configure:28212: checking for objdump
configure:28228: found /usr/bin/objdump
configure:28239: result: objdump
configure:28527: Rewriting OBJDUMP to "/usr/bin/objdump"
configure:28853: checking for ANSI C header files
configure:28873: /cygdrive/c/progra~2/micros~2.0/vc/bin/amd64/cl -c   conftest.cpp >&5
conftest.cpp
Microsoft (R) C/C++ Optimizing Compiler Version 16.00.30319.01 for x64
Copyright (C) Microsoft Corporation.  All rights reserved.

configure:28873: $? = 0
Microsoft (R) C/C++ Optimizing Compiler Version 16.00.30319.01 for x64
Copyright (C) Microsoft Corporation.  All rights reserved.

conftest.cpp
Microsoft (R) C/C++ Optimizing Compiler Version 16.00.30319.01 for x64
Copyright (C) Microsoft Corporation.  All rights reserved.

conftest.cpp
configure:28946: /cygdrive/c/progra~2/micros~2.0/vc/bin/amd64/cl -o conftest.exe    conftest.cpp  >&5
Microsoft (R) C/C++ Optimizing Compiler Version 16.00.30319.01 for x64
Copyright (C) Microsoft Corporation.  All rights reserved.

cl : Command line warning D9035 : option 'o' has been deprecated and will be removed in a future release
conftest.cpp
Microsoft (R) Incremental Linker Version 10.00.30319.01
Copyright (C) Microsoft Corporation.  All rights reserved.

/out:conftest.exe 
/out:conftest.exe 
conftest.obj 
configure:28946: $? = 0
configure:28946: ./conftest.exe
configure:28946: $? = 0
configure:28957: result: yes
configure:28970: checking for sys/types.h
configure:28970: /cygdrive/c/progra~2/micros~2.0/vc/bin/amd64/cl -c   conftest.cpp >&5
conftest.cpp
Microsoft (R) C/C++ Optimizing Compiler Version 16.00.30319.01 for x64
Copyright (C) Microsoft Corporation.  All rights reserved.

configure:28970: $? = 0
configure:28970: result: yes
configure:28970: checking for sys/stat.h
configure:28970: /cygdrive/c/progra~2/micros~2.0/vc/bin/amd64/cl -c   conftest.cpp >&5
conftest.cpp
Microsoft (R) C/C++ Optimizing Compiler Version 16.00.30319.01 for x64
Copyright (C) Microsoft Corporation.  All rights reserved.

configure:28970: $? = 0
configure:28970: result: yes
configure:28970: checking for stdlib.h
configure:28970: /cygdrive/c/progra~2/micros~2.0/vc/bin/amd64/cl -c   conftest.cpp >&5
conftest.cpp
Microsoft (R) C/C++ Optimizing Compiler Version 16.00.30319.01 for x64
Copyright (C) Microsoft Corporation.  All rights reserved.

configure:28970: $? = 0
configure:28970: result: yes
configure:28970: checking for string.h
configure:28970: /cygdrive/c/progra~2/micros~2.0/vc/bin/amd64/cl -c   conftest.cpp >&5
conftest.cpp
Microsoft (R) C/C++ Optimizing Compiler Version 16.00.30319.01 for x64
Copyright (C) Microsoft Corporation.  All rights reserved.

configure:28970: $? = 0
configure:28970: result: yes
configure:28970: checking for memory.h
configure:28970: /cygdrive/c/progra~2/micros~2.0/vc/bin/amd64/cl -c   conftest.cpp >&5
conftest.cpp
Microsoft (R) C/C++ Optimizing Compiler Version 16.00.30319.01 for x64
Copyright (C) Microsoft Corporation.  All rights reserved.

configure:28970: $? = 0
configure:28970: result: yes
configure:28970: checking for strings.h
configure:28970: /cygdrive/c/progra~2/micros~2.0/vc/bin/amd64/cl -c   conftest.cpp >&5
conftest.cpp
conftest.cpp(49) : fatal error C1083: Cannot open include file: 'strings.h': No such file or directory
Microsoft (R) C/C++ Optimizing Compiler Version 16.00.30319.01 for x64
Copyright (C) Microsoft Corporation.  All rights reserved.

configure:28970: $? = 2
configure: failed program was:
| /* confdefs.h */
| #define PACKAGE_NAME "OpenJDK"
| #define PACKAGE_TARNAME "openjdk"
| #define PACKAGE_VERSION "jdk8"
| #define PACKAGE_STRING "OpenJDK jdk8"
| #define PACKAGE_BUGREPORT "build-dev@openjdk.java.net"
| #define PACKAGE_URL "http://openjdk.java.net"
| #define STDC_HEADERS 1
| #define HAVE_SYS_TYPES_H 1
| #define HAVE_SYS_STAT_H 1
| #define HAVE_STDLIB_H 1
| #define HAVE_STRING_H 1
| #define HAVE_MEMORY_H 1
| /* end confdefs.h.  */
| #include <stdio.h>
| #ifdef HAVE_SYS_TYPES_H
| # include <sys/types.h>
| #endif
| #ifdef HAVE_SYS_STAT_H
| # include <sys/stat.h>
| #endif
| #ifdef STDC_HEADERS
| # include <stdlib.h>
| # include <stddef.h>
| #else
| # ifdef HAVE_STDLIB_H
| #  include <stdlib.h>
| # endif
| #endif
| #ifdef HAVE_STRING_H
| # if !defined STDC_HEADERS && defined HAVE_MEMORY_H
| #  include <memory.h>
| # endif
| # include <string.h>
| #endif
| #ifdef HAVE_STRINGS_H
| # include <strings.h>
| #endif
| #ifdef HAVE_INTTYPES_H
| # include <inttypes.h>
| #endif
| #ifdef HAVE_STDINT_H
| # include <stdint.h>
| #endif
| #ifdef HAVE_UNISTD_H
| # include <unistd.h>
| #endif
| 
| #include <strings.h>
configure:28970: result: no
configure:28970: checking for inttypes.h
configure:28970: /cygdrive/c/progra~2/micros~2.0/vc/bin/amd64/cl -c   conftest.cpp >&5
conftest.cpp
conftest.cpp(49) : fatal error C1083: Cannot open include file: 'inttypes.h': No such file or directory
Microsoft (R) C/C++ Optimizing Compiler Version 16.00.30319.01 for x64
Copyright (C) Microsoft Corporation.  All rights reserved.

configure:28970: $? = 2
configure: failed program was:
| /* confdefs.h */
| #define PACKAGE_NAME "OpenJDK"
| #define PACKAGE_TARNAME "openjdk"
| #define PACKAGE_VERSION "jdk8"
| #define PACKAGE_STRING "OpenJDK jdk8"
| #define PACKAGE_BUGREPORT "build-dev@openjdk.java.net"
| #define PACKAGE_URL "http://openjdk.java.net"
| #define STDC_HEADERS 1
| #define HAVE_SYS_TYPES_H 1
| #define HAVE_SYS_STAT_H 1
| #define HAVE_STDLIB_H 1
| #define HAVE_STRING_H 1
| #define HAVE_MEMORY_H 1
| /* end confdefs.h.  */
| #include <stdio.h>
| #ifdef HAVE_SYS_TYPES_H
| # include <sys/types.h>
| #endif
| #ifdef HAVE_SYS_STAT_H
| # include <sys/stat.h>
| #endif
| #ifdef STDC_HEADERS
| # include <stdlib.h>
| # include <stddef.h>
| #else
| # ifdef HAVE_STDLIB_H
| #  include <stdlib.h>
| # endif
| #endif
| #ifdef HAVE_STRING_H
| # if !defined STDC_HEADERS && defined HAVE_MEMORY_H
| #  include <memory.h>
| # endif
| # include <string.h>
| #endif
| #ifdef HAVE_STRINGS_H
| # include <strings.h>
| #endif
| #ifdef HAVE_INTTYPES_H
| # include <inttypes.h>
| #endif
| #ifdef HAVE_STDINT_H
| # include <stdint.h>
| #endif
| #ifdef HAVE_UNISTD_H
| # include <unistd.h>
| #endif
| 
| #include <inttypes.h>
configure:28970: result: no
configure:28970: checking for stdint.h
configure:28970: /cygdrive/c/progra~2/micros~2.0/vc/bin/amd64/cl -c   conftest.cpp >&5
conftest.cpp
Microsoft (R) C/C++ Optimizing Compiler Version 16.00.30319.01 for x64
Copyright (C) Microsoft Corporation.  All rights reserved.

configure:28970: $? = 0
configure:28970: result: yes
configure:28970: checking for unistd.h
configure:28970: /cygdrive/c/progra~2/micros~2.0/vc/bin/amd64/cl -c   conftest.cpp >&5
conftest.cpp
conftest.cpp(50) : fatal error C1083: Cannot open include file: 'unistd.h': No such file or directory
Microsoft (R) C/C++ Optimizing Compiler Version 16.00.30319.01 for x64
Copyright (C) Microsoft Corporation.  All rights reserved.

configure:28970: $? = 2
configure: failed program was:
| /* confdefs.h */
| #define PACKAGE_NAME "OpenJDK"
| #define PACKAGE_TARNAME "openjdk"
| #define PACKAGE_VERSION "jdk8"
| #define PACKAGE_STRING "OpenJDK jdk8"
| #define PACKAGE_BUGREPORT "build-dev@openjdk.java.net"
| #define PACKAGE_URL "http://openjdk.java.net"
| #define STDC_HEADERS 1
| #define HAVE_SYS_TYPES_H 1
| #define HAVE_SYS_STAT_H 1
| #define HAVE_STDLIB_H 1
| #define HAVE_STRING_H 1
| #define HAVE_MEMORY_H 1
| #define HAVE_STDINT_H 1
| /* end confdefs.h.  */
| #include <stdio.h>
| #ifdef HAVE_SYS_TYPES_H
| # include <sys/types.h>
| #endif
| #ifdef HAVE_SYS_STAT_H
| # include <sys/stat.h>
| #endif
| #ifdef STDC_HEADERS
| # include <stdlib.h>
| # include <stddef.h>
| #else
| # ifdef HAVE_STDLIB_H
| #  include <stdlib.h>
| # endif
| #endif
| #ifdef HAVE_STRING_H
| # if !defined STDC_HEADERS && defined HAVE_MEMORY_H
| #  include <memory.h>
| # endif
| # include <string.h>
| #endif
| #ifdef HAVE_STRINGS_H
| # include <strings.h>
| #endif
| #ifdef HAVE_INTTYPES_H
| # include <inttypes.h>
| #endif
| #ifdef HAVE_STDINT_H
| # include <stdint.h>
| #endif
| #ifdef HAVE_UNISTD_H
| # include <unistd.h>
| #endif
| 
| #include <unistd.h>
configure:28970: result: no
configure:29036: checking stdio.h usability
configure:29036: /cygdrive/c/progra~2/micros~2.0/vc/bin/amd64/cl -c   conftest.cpp >&5
conftest.cpp
Microsoft (R) C/C++ Optimizing Compiler Version 16.00.30319.01 for x64
Copyright (C) Microsoft Corporation.  All rights reserved.

configure:29036: $? = 0
configure:29036: result: yes
configure:29036: checking stdio.h presence
configure:29036: /cygdrive/c/progra~2/micros~2.0/vc/bin/amd64/cl -E  conftest.cpp
Microsoft (R) C/C++ Optimizing Compiler Version 16.00.30319.01 for x64
Copyright (C) Microsoft Corporation.  All rights reserved.

conftest.cpp
configure:29036: $? = 0
configure:29036: result: yes
configure:29036: checking for stdio.h
configure:29036: result: yes
configure:29064: checking size of int *
configure:29069: /cygdrive/c/progra~2/micros~2.0/vc/bin/amd64/cl -o conftest.exe    conftest.cpp  >&5
Microsoft (R) C/C++ Optimizing Compiler Version 16.00.30319.01 for x64
Copyright (C) Microsoft Corporation.  All rights reserved.

cl : Command line warning D9035 : option 'o' has been deprecated and will be removed in a future release
conftest.cpp
Microsoft (R) Incremental Linker Version 10.00.30319.01
Copyright (C) Microsoft Corporation.  All rights reserved.

/out:conftest.exe 
/out:conftest.exe 
conftest.obj 
configure:29069: $? = 0
configure:29069: ./conftest.exe
configure:29069: $? = 0
configure:29083: result: 8
configure:29176: checking for target address size
configure:29178: result: 64 bits
configure:29186: checking whether byte ordering is bigendian
configure:29201: /cygdrive/c/progra~2/micros~2.0/vc/bin/amd64/cl -c   conftest.cpp >&5
conftest.cpp
conftest.cpp(19) : error C2146: syntax error : missing ';' before identifier 'a'
conftest.cpp(19) : error C4430: missing type specifier - int assumed. Note: C++ does not support default-int
conftest.cpp(19) : error C2146: syntax error : missing ';' before identifier 'universal'
conftest.cpp(19) : error C4430: missing type specifier - int assumed. Note: C++ does not support default-int
conftest.cpp(19) : error C2146: syntax error : missing ';' before identifier 'capable'
conftest.cpp(19) : error C4430: missing type specifier - int assumed. Note: C++ does not support default-int
conftest.cpp(21) : error C2146: syntax error : missing ';' before identifier 'compiler'
conftest.cpp(21) : error C4430: missing type specifier - int assumed. Note: C++ does not support default-int
conftest.cpp(21) : error C2144: syntax error : 'int' should be preceded by ';'
conftest.cpp(21) : error C4430: missing type specifier - int assumed. Note: C++ does not support default-int
Microsoft (R) C/C++ Optimizing Compiler Version 16.00.30319.01 for x64
Copyright (C) Microsoft Corporation.  All rights reserved.

configure:29201: $? = 2
configure: failed program was:
| /* confdefs.h */
| #define PACKAGE_NAME "OpenJDK"
| #define PACKAGE_TARNAME "openjdk"
| #define PACKAGE_VERSION "jdk8"
| #define PACKAGE_STRING "OpenJDK jdk8"
| #define PACKAGE_BUGREPORT "build-dev@openjdk.java.net"
| #define PACKAGE_URL "http://openjdk.java.net"
| #define STDC_HEADERS 1
| #define HAVE_SYS_TYPES_H 1
| #define HAVE_SYS_STAT_H 1
| #define HAVE_STDLIB_H 1
| #define HAVE_STRING_H 1
| #define HAVE_MEMORY_H 1
| #define HAVE_STDINT_H 1
| #define HAVE_STDIO_H 1
| #define SIZEOF_INT_P 8
| /* end confdefs.h.  */
| #ifndef __APPLE_CC__
| 	       not a universal capable compiler
| 	     #endif
| 	     typedef int dummy;
| 
configure:29246: /cygdrive/c/progra~2/micros~2.0/vc/bin/amd64/cl -c   conftest.cpp >&5
conftest.cpp
conftest.cpp(19) : fatal error C1083: Cannot open include file: 'sys/param.h': No such file or directory
Microsoft (R) C/C++ Optimizing Compiler Version 16.00.30319.01 for x64
Copyright (C) Microsoft Corporation.  All rights reserved.

configure:29246: $? = 2
configure: failed program was:
| /* confdefs.h */
| #define PACKAGE_NAME "OpenJDK"
| #define PACKAGE_TARNAME "openjdk"
| #define PACKAGE_VERSION "jdk8"
| #define PACKAGE_STRING "OpenJDK jdk8"
| #define PACKAGE_BUGREPORT "build-dev@openjdk.java.net"
| #define PACKAGE_URL "http://openjdk.java.net"
| #define STDC_HEADERS 1
| #define HAVE_SYS_TYPES_H 1
| #define HAVE_SYS_STAT_H 1
| #define HAVE_STDLIB_H 1
| #define HAVE_STRING_H 1
| #define HAVE_MEMORY_H 1
| #define HAVE_STDINT_H 1
| #define HAVE_STDIO_H 1
| #define SIZEOF_INT_P 8
| /* end confdefs.h.  */
| #include <sys/types.h>
| 	     #include <sys/param.h>
| 
| int
| main ()
| {
| #if ! (defined BYTE_ORDER && defined BIG_ENDIAN 		     && defined LITTLE_ENDIAN && BYTE_ORDER && BIG_ENDIAN 		     && LITTLE_ENDIAN)
| 	      bogus endian macros
| 	     #endif
| 
|   ;
|   return 0;
| }
configure:29290: /cygdrive/c/progra~2/micros~2.0/vc/bin/amd64/cl -c   conftest.cpp >&5
conftest.cpp
conftest.cpp(24) : error C2065: 'bogus' : undeclared identifier
conftest.cpp(24) : error C2146: syntax error : missing ';' before identifier 'endian'
conftest.cpp(27) : error C2065: 'endian' : undeclared identifier
conftest.cpp(27) : error C2146: syntax error : missing ';' before identifier 'macros'
conftest.cpp(27) : error C2065: 'macros' : undeclared identifier
Microsoft (R) C/C++ Optimizing Compiler Version 16.00.30319.01 for x64
Copyright (C) Microsoft Corporation.  All rights reserved.

configure:29290: $? = 2
configure: failed program was:
| /* confdefs.h */
| #define PACKAGE_NAME "OpenJDK"
| #define PACKAGE_TARNAME "openjdk"
| #define PACKAGE_VERSION "jdk8"
| #define PACKAGE_STRING "OpenJDK jdk8"
| #define PACKAGE_BUGREPORT "build-dev@openjdk.java.net"
| #define PACKAGE_URL "http://openjdk.java.net"
| #define STDC_HEADERS 1
| #define HAVE_SYS_TYPES_H 1
| #define HAVE_SYS_STAT_H 1
| #define HAVE_STDLIB_H 1
| #define HAVE_STRING_H 1
| #define HAVE_MEMORY_H 1
| #define HAVE_STDINT_H 1
| #define HAVE_STDIO_H 1
| #define SIZEOF_INT_P 8
| /* end confdefs.h.  */
| #include <limits.h>
| 
| int
| main ()
| {
| #if ! (defined _LITTLE_ENDIAN || defined _BIG_ENDIAN)
| 	      bogus endian macros
| 	     #endif
| 
|   ;
|   return 0;
| }
configure:29381: /cygdrive/c/progra~2/micros~2.0/vc/bin/amd64/cl -o conftest.exe    conftest.cpp  >&5
Microsoft (R) C/C++ Optimizing Compiler Version 16.00.30319.01 for x64
Copyright (C) Microsoft Corporation.  All rights reserved.

cl : Command line warning D9035 : option 'o' has been deprecated and will be removed in a future release
conftest.cpp
Microsoft (R) Incremental Linker Version 10.00.30319.01
Copyright (C) Microsoft Corporation.  All rights reserved.

/out:conftest.exe 
/out:conftest.exe 
conftest.obj 
configure:29381: $? = 0
configure:29381: ./conftest.exe
configure:29381: $? = 0
configure:29392: result: no
configure:30051: checking if compiler supports "-m64"
configure:30067: /cygdrive/c/progra~2/micros~2.0/vc/bin/amd64/cl -c  -m64  conftest.c >&5
conftest.c
Microsoft (R) C/C++ Optimizing Compiler Version 16.00.30319.01 for x64
Copyright (C) Microsoft Corporation.  All rights reserved.

cl : Command line warning D9002 : ignoring unknown option '-m64'
configure:30067: $? = 0
configure:30093: /cygdrive/c/progra~2/micros~2.0/vc/bin/amd64/cl -c  -m64  conftest.cpp >&5
conftest.cpp
Microsoft (R) C/C++ Optimizing Compiler Version 16.00.30319.01 for x64
Copyright (C) Microsoft Corporation.  All rights reserved.

cl : Command line warning D9002 : ignoring unknown option '-m64'
configure:30093: $? = 0
configure:30107: result: yes
configure:30120: checking if compiler supports "-m64"
configure:30136: /cygdrive/c/progra~2/micros~2.0/vc/bin/amd64/cl -c  -m64  conftest.c >&5
conftest.c
Microsoft (R) C/C++ Optimizing Compiler Version 16.00.30319.01 for x64
Copyright (C) Microsoft Corporation.  All rights reserved.

cl : Command line warning D9002 : ignoring unknown option '-m64'
configure:30136: $? = 0
configure:30162: /cygdrive/c/progra~2/micros~2.0/vc/bin/amd64/cl -c  -m64  conftest.cpp >&5
conftest.cpp
Microsoft (R) C/C++ Optimizing Compiler Version 16.00.30319.01 for x64
Copyright (C) Microsoft Corporation.  All rights reserved.

cl : Command line warning D9002 : ignoring unknown option '-m64'
configure:30162: $? = 0
configure:30176: result: yes
configure:30220: checking if we should generate debug symbols
configure:30245: result: true
configure:30251: checking if we should zip debug-info files
configure:30260: result: yes
configure:30289: checking if fixpath can be created
configure:30320: result: yes
configure:30322: checking if fixpath.exe works
configure:30333: result: yes
configure:30375: checking what is not needed on Windows?
configure:30381: result: alsa cups pulse x11
configure:30430: checking for Mac OS X Java Framework
configure:30436: result: no
configure:30470: checking for X
configure:30578: /cygdrive/c/progra~2/micros~2.0/vc/bin/amd64/cl -E  conftest.cpp
Microsoft (R) C/C++ Optimizing Compiler Version 16.00.30319.01 for x64
Copyright (C) Microsoft Corporation.  All rights reserved.

conftest.cpp
conftest.cpp(18) : fatal error C1083: Cannot open include file: 'X11/Xlib.h': No such file or directory
configure:30578: $? = 2
configure: failed program was:
| /* confdefs.h */
| #define PACKAGE_NAME "OpenJDK"
| #define PACKAGE_TARNAME "openjdk"
| #define PACKAGE_VERSION "jdk8"
| #define PACKAGE_STRING "OpenJDK jdk8"
| #define PACKAGE_BUGREPORT "build-dev@openjdk.java.net"
| #define PACKAGE_URL "http://openjdk.java.net"
| #define STDC_HEADERS 1
| #define HAVE_SYS_TYPES_H 1
| #define HAVE_SYS_STAT_H 1
| #define HAVE_STDLIB_H 1
| #define HAVE_STRING_H 1
| #define HAVE_MEMORY_H 1
| #define HAVE_STDINT_H 1
| #define HAVE_STDIO_H 1
| #define SIZEOF_INT_P 8
| /* end confdefs.h.  */
| #include <X11/Xlib.h>
configure:30609: /cygdrive/c/progra~2/micros~2.0/vc/bin/amd64/cl -o conftest.exe    conftest.cpp -lX11  >&5
conftest.cpp
conftest.cpp(18) : fatal error C1083: Cannot open include file: 'X11/Xlib.h': No such file or directory
Microsoft (R) C/C++ Optimizing Compiler Version 16.00.30319.01 for x64
Copyright (C) Microsoft Corporation.  All rights reserved.

cl : Command line warning D9035 : option 'o' has been deprecated and will be removed in a future release
cl : Command line warning D9002 : ignoring unknown option '-lX11'
configure:30609: $? = 2
configure: failed program was:
| /* confdefs.h */
| #define PACKAGE_NAME "OpenJDK"
| #define PACKAGE_TARNAME "openjdk"
| #define PACKAGE_VERSION "jdk8"
| #define PACKAGE_STRING "OpenJDK jdk8"
| #define PACKAGE_BUGREPORT "build-dev@openjdk.java.net"
| #define PACKAGE_URL "http://openjdk.java.net"
| #define STDC_HEADERS 1
| #define HAVE_SYS_TYPES_H 1
| #define HAVE_SYS_STAT_H 1
| #define HAVE_STDLIB_H 1
| #define HAVE_STRING_H 1
| #define HAVE_MEMORY_H 1
| #define HAVE_STDINT_H 1
| #define HAVE_STDIO_H 1
| #define SIZEOF_INT_P 8
| /* end confdefs.h.  */
| #include <X11/Xlib.h>
| int
| main ()
| {
| XrmInitialize ()
|   ;
|   return 0;
| }
configure:30648: result: no
configure:31224: checking for X11/extensions/shape.h
configure:31224: /cygdrive/c/progra~2/micros~2.0/vc/bin/amd64/cl -c    conftest.c >&5
conftest.c
conftest.c(20) : fatal error C1083: Cannot open include file: 'X11/Xlib.h': No such file or directory
Microsoft (R) C/C++ Optimizing Compiler Version 16.00.30319.01 for x64
Copyright (C) Microsoft Corporation.  All rights reserved.

configure:31224: $? = 2
configure: failed program was:
| /* confdefs.h */
| #define PACKAGE_NAME "OpenJDK"
| #define PACKAGE_TARNAME "openjdk"
| #define PACKAGE_VERSION "jdk8"
| #define PACKAGE_STRING "OpenJDK jdk8"
| #define PACKAGE_BUGREPORT "build-dev@openjdk.java.net"
| #define PACKAGE_URL "http://openjdk.java.net"
| #define STDC_HEADERS 1
| #define HAVE_SYS_TYPES_H 1
| #define HAVE_SYS_STAT_H 1
| #define HAVE_STDLIB_H 1
| #define HAVE_STRING_H 1
| #define HAVE_MEMORY_H 1
| #define HAVE_STDINT_H 1
| #define HAVE_STDIO_H 1
| #define SIZEOF_INT_P 8
| #define X_DISPLAY_MISSING 1
| /* end confdefs.h.  */
| 
|         # include <X11/Xlib.h>
|         # include <X11/Xutil.h>
| 
| 
| 
| #include <X11/extensions/shape.h>
configure:31224: result: no
configure:31627: Found freetype include files at /cygdrive/d/xysziv/freetype-2.7/include using --with-freetype
configure:31898: checking for freetype includes
configure:31900: result: /cygdrive/d/xysziv/freetype-2.7/include
configure:31903: checking for freetype libraries
configure:31905: result: /cygdrive/d/xysziv/freetype-2.7/lib
configure:34567: checking if we can compile and link with freetype
configure:34592: /cygdrive/d/xysziv/openjdk/build/windows-x86_64-normal-server-fastdebug/fixpath.exe -c /cygdrive/c/progra~2/micros~2.0/vc/bin/amd64/cl -o conftest.exe  -I/cygdrive/d/xysziv/freetype-2.7/include   conftest.cpp  /cygdrive/d/xysziv/freetype-2.7/lib/freetype.lib >&5
conftest.cpp
d:/xysziv/freetype-2.7/include\freetype/freetype.h(2668) : warning C4819: The file contains a character that cannot be represented in the current code page (936). Save the file in Unicode format to prevent data loss
Microsoft (R) Incremental Linker Version 10.00.30319.01
Copyright (C) Microsoft Corporation.  All rights reserved.

/out:conftest.exe 
/out:conftest.exe 
conftest.obj 
d:/xysziv/freetype-2.7/lib/freetype.lib 
Microsoft (R) C/C++ Optimizing Compiler Version 16.00.30319.01 for x64
Copyright (C) Microsoft Corporation.  All rights reserved.

cl : Command line warning D9035 : option 'o' has been deprecated and will be removed in a future release
configure:34592: $? = 0
configure:34594: result: yes
configure:34653: checking if we should bundle freetype
configure:34658: result: yes
configure:35002: checking for main in -ljpeg
configure:35021: /cygdrive/c/progra~2/micros~2.0/vc/bin/amd64/cl -o conftest.exe  -I/cygdrive/d/xysziv/freetype-2.7/include   conftest.cpp -ljpeg   >&5
conftest.cpp
d:\xysziv\openjdk\conftest.cpp(27) : warning C4717: 'main' : recursive on all control paths, function will cause runtime stack overflow
Microsoft (R) Incremental Linker Version 10.00.30319.01
Copyright (C) Microsoft Corporation.  All rights reserved.

/out:conftest.exe 
/out:conftest.exe 
conftest.obj 
Microsoft (R) C/C++ Optimizing Compiler Version 16.00.30319.01 for x64
Copyright (C) Microsoft Corporation.  All rights reserved.

cl : Command line warning D9035 : option 'o' has been deprecated and will be removed in a future release
cl : Command line warning D9002 : ignoring unknown option '-ljpeg'
configure:35021: $? = 0
configure:35030: result: yes
configure:35061: checking for which giflib to use
configure:35074: result: bundled
configure:35154: checking for compress in -lz
configure:35179: /cygdrive/c/progra~2/micros~2.0/vc/bin/amd64/cl -o conftest.exe  -I/cygdrive/d/xysziv/freetype-2.7/include   conftest.cpp -lz  -ljpeg  >&5
conftest.cpp
Microsoft (R) Incremental Linker Version 10.00.30319.01
Copyright (C) Microsoft Corporation.  All rights reserved.

/out:conftest.exe 
/out:conftest.exe 
conftest.obj 
conftest.obj : error LNK2019: unresolved external symbol compress referenced in function main
conftest.exe : fatal error LNK1120: 1 unresolved externals
Microsoft (R) C/C++ Optimizing Compiler Version 16.00.30319.01 for x64
Copyright (C) Microsoft Corporation.  All rights reserved.

cl : Command line warning D9035 : option 'o' has been deprecated and will be removed in a future release
cl : Command line warning D9002 : ignoring unknown option '-lz'
cl : Command line warning D9002 : ignoring unknown option '-ljpeg'
configure:35179: $? = 2
configure: failed program was:
| /* confdefs.h */
| #define PACKAGE_NAME "OpenJDK"
| #define PACKAGE_TARNAME "openjdk"
| #define PACKAGE_VERSION "jdk8"
| #define PACKAGE_STRING "OpenJDK jdk8"
| #define PACKAGE_BUGREPORT "build-dev@openjdk.java.net"
| #define PACKAGE_URL "http://openjdk.java.net"
| #define STDC_HEADERS 1
| #define HAVE_SYS_TYPES_H 1
| #define HAVE_SYS_STAT_H 1
| #define HAVE_STDLIB_H 1
| #define HAVE_STRING_H 1
| #define HAVE_MEMORY_H 1
| #define HAVE_STDINT_H 1
| #define HAVE_STDIO_H 1
| #define SIZEOF_INT_P 8
| #define X_DISPLAY_MISSING 1
| #define HAVE_LIBJPEG 1
| /* end confdefs.h.  */
| 
| /* Override any GCC internal prototype to avoid an error.
|    Use char because int might match the return type of a GCC
|    builtin and then its argument prototype would still apply.  */
| #ifdef __cplusplus
| extern "C"
| #endif
| char compress ();
| int
| main ()
| {
| return compress ();
|   ;
|   return 0;
| }
configure:35188: result: no
configure:35197: checking for which zlib to use
configure:35224: result: bundled
configure:35263: /cygdrive/c/progra~2/micros~2.0/vc/bin/amd64/cl -o conftest.exe  -I/cygdrive/d/xysziv/freetype-2.7/include   conftest.cpp -ljpeg  >&5
conftest.cpp
conftest.cpp(24) : error C2065: 'altzone' : undeclared identifier
Microsoft (R) C/C++ Optimizing Compiler Version 16.00.30319.01 for x64
Copyright (C) Microsoft Corporation.  All rights reserved.

cl : Command line warning D9035 : option 'o' has been deprecated and will be removed in a future release
cl : Command line warning D9002 : ignoring unknown option '-ljpeg'
configure:35263: $? = 2
configure: failed program was:
| /* confdefs.h */
| #define PACKAGE_NAME "OpenJDK"
| #define PACKAGE_TARNAME "openjdk"
| #define PACKAGE_VERSION "jdk8"
| #define PACKAGE_STRING "OpenJDK jdk8"
| #define PACKAGE_BUGREPORT "build-dev@openjdk.java.net"
| #define PACKAGE_URL "http://openjdk.java.net"
| #define STDC_HEADERS 1
| #define HAVE_SYS_TYPES_H 1
| #define HAVE_SYS_STAT_H 1
| #define HAVE_STDLIB_H 1
| #define HAVE_STRING_H 1
| #define HAVE_MEMORY_H 1
| #define HAVE_STDINT_H 1
| #define HAVE_STDIO_H 1
| #define SIZEOF_INT_P 8
| #define X_DISPLAY_MISSING 1
| #define HAVE_LIBJPEG 1
| /* end confdefs.h.  */
| #include <time.h>
| int
| main ()
| {
| return (int)altzone;
|   ;
|   return 0;
| }
configure:35281: checking for cos in -lm
configure:35306: /cygdrive/c/progra~2/micros~2.0/vc/bin/amd64/cl -o conftest.exe  -I/cygdrive/d/xysziv/freetype-2.7/include   conftest.cpp -lm  -ljpeg  >&5
conftest.cpp
Microsoft (R) Incremental Linker Version 10.00.30319.01
Copyright (C) Microsoft Corporation.  All rights reserved.

/out:conftest.exe 
/out:conftest.exe 
conftest.obj 
Microsoft (R) C/C++ Optimizing Compiler Version 16.00.30319.01 for x64
Copyright (C) Microsoft Corporation.  All rights reserved.

cl : Command line warning D9035 : option 'o' has been deprecated and will be removed in a future release
cl : Command line warning D9002 : ignoring unknown option '-lm'
cl : Command line warning D9002 : ignoring unknown option '-ljpeg'
configure:35306: $? = 0
configure:35315: result: yes
configure:35340: checking for dlopen in -ldl
configure:35365: /cygdrive/c/progra~2/micros~2.0/vc/bin/amd64/cl -o conftest.exe  -I/cygdrive/d/xysziv/freetype-2.7/include   conftest.cpp -ldl   >&5
conftest.cpp
Microsoft (R) Incremental Linker Version 10.00.30319.01
Copyright (C) Microsoft Corporation.  All rights reserved.

/out:conftest.exe 
/out:conftest.exe 
conftest.obj 
conftest.obj : error LNK2019: unresolved external symbol dlopen referenced in function main
conftest.exe : fatal error LNK1120: 1 unresolved externals
Microsoft (R) C/C++ Optimizing Compiler Version 16.00.30319.01 for x64
Copyright (C) Microsoft Corporation.  All rights reserved.

cl : Command line warning D9035 : option 'o' has been deprecated and will be removed in a future release
cl : Command line warning D9002 : ignoring unknown option '-ldl'
configure:35365: $? = 2
configure: failed program was:
| /* confdefs.h */
| #define PACKAGE_NAME "OpenJDK"
| #define PACKAGE_TARNAME "openjdk"
| #define PACKAGE_VERSION "jdk8"
| #define PACKAGE_STRING "OpenJDK jdk8"
| #define PACKAGE_BUGREPORT "build-dev@openjdk.java.net"
| #define PACKAGE_URL "http://openjdk.java.net"
| #define STDC_HEADERS 1
| #define HAVE_SYS_TYPES_H 1
| #define HAVE_SYS_STAT_H 1
| #define HAVE_STDLIB_H 1
| #define HAVE_STRING_H 1
| #define HAVE_MEMORY_H 1
| #define HAVE_STDINT_H 1
| #define HAVE_STDIO_H 1
| #define SIZEOF_INT_P 8
| #define X_DISPLAY_MISSING 1
| #define HAVE_LIBJPEG 1
| #define HAVE_LIBM 1
| /* end confdefs.h.  */
| 
| /* Override any GCC internal prototype to avoid an error.
|    Use char because int might match the return type of a GCC
|    builtin and then its argument prototype would still apply.  */
| #ifdef __cplusplus
| extern "C"
| #endif
| char dlopen ();
| int
| main ()
| {
| return dlopen ();
|   ;
|   return 0;
| }
configure:35374: result: no
configure:35731: checking if elliptic curve crypto implementation is present
configure:35736: result: yes
configure:35765: checking for number of cores
configure:35792: result: 8
configure:35817: checking for memory size
configure:35845: result: 16296 MB
configure:35870: checking for appropriate number of jobs to run in parallel
configure:35891: result: 7
Check if jvm arg is ok: -verbosegc
Command: /cygdrive/c/progra~1/java/jdk18~1.0_2/bin/java -verbosegc -version
Check if jvm arg is ok: -Xverbose:gc
Command: /cygdrive/c/progra~1/java/jdk18~1.0_2/bin/java -Xverbose:gc -version
Arg failed:
Unrecognized option: -Xverbose:gc
Error: Could not create the Java Virtual Machine.
Error: A fatal exception has occurred. Program will exit.
Check if jvm arg is ok: -d64
Command: /cygdrive/c/progra~1/java/jdk18~1.0_2/bin/java  -verbosegc -d64 -version
Check if jvm arg is ok: -Xms6G -Xmx6G
Command: /cygdrive/c/progra~1/java/jdk18~1.0_2/bin/java  -verbosegc -d64 -Xms6G -Xmx6G -version
configure:36096: checking whether to use sjavac
configure:36105: result: no
configure:36175: checking for ccache
configure:36208: result: no
configure:36315: checking if build directory is on local disk
configure:36341: result: yes
configure:36488: creating /cygdrive/d/xysziv/openjdk/build/windows-x86_64-normal-server-fastdebug/config.status

## ---------------------- ##
## Running config.status. ##
## ---------------------- ##

This file was extended by OpenJDK config.status jdk8, which was
generated by GNU Autoconf 2.69.  Invocation command line was

  CONFIG_FILES    = 
  CONFIG_HEADERS  = 
  CONFIG_LINKS    = 
  CONFIG_COMMANDS = 
  $ /cygdrive/d/xysziv/openjdk/build/windows-x86_64-normal-server-fastdebug/config.status 

on SK-20210304FPYL

config.status:1166: creating /cygdrive/d/xysziv/openjdk/build/windows-x86_64-normal-server-fastdebug/spec.gmk
config.status:1166: creating /cygdrive/d/xysziv/openjdk/build/windows-x86_64-normal-server-fastdebug/hotspot-spec.gmk
config.status:1166: creating /cygdrive/d/xysziv/openjdk/build/windows-x86_64-normal-server-fastdebug/bootcycle-spec.gmk
config.status:1166: creating /cygdrive/d/xysziv/openjdk/build/windows-x86_64-normal-server-fastdebug/compare.sh
config.status:1166: creating /cygdrive/d/xysziv/openjdk/build/windows-x86_64-normal-server-fastdebug/spec.sh
config.status:1166: creating /cygdrive/d/xysziv/openjdk/build/windows-x86_64-normal-server-fastdebug/Makefile
config.status:1166: creating /cygdrive/d/xysziv/openjdk/build/windows-x86_64-normal-server-fastdebug/config.h
config.status:1321: /cygdrive/d/xysziv/openjdk/build/windows-x86_64-normal-server-fastdebug/config.h is unchanged

## ---------------- ##
## Cache variables. ##
## ---------------- ##

ac_cv_build=x86_64-unknown-cygwin
ac_cv_c_bigendian=no
ac_cv_c_compiler_gnu=no
ac_cv_cxx_compiler_gnu=no
ac_cv_env_ALSA_CFLAGS_set=
ac_cv_env_ALSA_CFLAGS_value=
ac_cv_env_ALSA_LIBS_set=
ac_cv_env_ALSA_LIBS_value=
ac_cv_env_CCC_set=
ac_cv_env_CCC_value=
ac_cv_env_CC_set=
ac_cv_env_CC_value=
ac_cv_env_CFLAGS_set=
ac_cv_env_CFLAGS_value=
ac_cv_env_CPPFLAGS_set=
ac_cv_env_CPPFLAGS_value=
ac_cv_env_CPP_set=
ac_cv_env_CPP_value=
ac_cv_env_CXXCPP_set=
ac_cv_env_CXXCPP_value=
ac_cv_env_CXXFLAGS_set=
ac_cv_env_CXXFLAGS_value=
ac_cv_env_CXX_set=
ac_cv_env_CXX_value=
ac_cv_env_FREETYPE_CFLAGS_set=
ac_cv_env_FREETYPE_CFLAGS_value=
ac_cv_env_FREETYPE_LIBS_set=
ac_cv_env_FREETYPE_LIBS_value=
ac_cv_env_LDFLAGS_set=
ac_cv_env_LDFLAGS_value=
ac_cv_env_LIBFFI_CFLAGS_set=
ac_cv_env_LIBFFI_CFLAGS_value=
ac_cv_env_LIBFFI_LIBS_set=
ac_cv_env_LIBFFI_LIBS_value=
ac_cv_env_LIBS_set=
ac_cv_env_LIBS_value=
ac_cv_env_OBJCFLAGS_set=
ac_cv_env_OBJCFLAGS_value=
ac_cv_env_OBJC_set=
ac_cv_env_OBJC_value=
ac_cv_env_PKG_CONFIG_set=
ac_cv_env_PKG_CONFIG_value=
ac_cv_env_XMKMF_set=
ac_cv_env_XMKMF_value=
ac_cv_env_build_alias_set=
ac_cv_env_build_alias_value=
ac_cv_env_host_alias_set=
ac_cv_env_host_alias_value=
ac_cv_env_target_alias_set=
ac_cv_env_target_alias_value=
ac_cv_exeext=.exe
ac_cv_have_x=have_x=no
ac_cv_header_X11_extensions_shape_h=no
ac_cv_header_inttypes_h=no
ac_cv_header_memory_h=yes
ac_cv_header_stdc=yes
ac_cv_header_stdint_h=yes
ac_cv_header_stdio_h=yes
ac_cv_header_stdlib_h=yes
ac_cv_header_string_h=yes
ac_cv_header_strings_h=no
ac_cv_header_sys_stat_h=yes
ac_cv_header_sys_types_h=yes
ac_cv_header_unistd_h=no
ac_cv_host=x86_64-unknown-cygwin
ac_cv_lib_dl_dlopen=no
ac_cv_lib_jpeg_main=yes
ac_cv_lib_m_cos=yes
ac_cv_lib_z_compress=no
ac_cv_objext=obj
ac_cv_path_BASENAME=/usr/bin/basename
ac_cv_path_BASH=/usr/bin/bash
ac_cv_path_CAT=/usr/bin/cat
ac_cv_path_CHECK_MAKE=/usr/bin/make
ac_cv_path_CHMOD=/usr/bin/chmod
ac_cv_path_CMP=/usr/bin/cmp
ac_cv_path_COMM=/usr/bin/comm
ac_cv_path_CP=/usr/bin/cp
ac_cv_path_CPIO=/usr/bin/cpio
ac_cv_path_CUT=/usr/bin/cut
ac_cv_path_CYGPATH=/usr/bin/cygpath
ac_cv_path_CYGWIN_LINK=/usr/bin/link
ac_cv_path_DATE=/usr/bin/date
ac_cv_path_DF=/usr/bin/df
ac_cv_path_DIFF=/usr/bin/diff
ac_cv_path_DIRNAME=/usr/bin/dirname
ac_cv_path_ECHO=/usr/bin/echo
ac_cv_path_EGREP='/usr/bin/grep -E'
ac_cv_path_EXPR=/usr/bin/expr
ac_cv_path_FGREP='/usr/bin/grep -F'
ac_cv_path_FILE=/usr/bin/file
ac_cv_path_FIND=/usr/bin/find
ac_cv_path_GREP=/usr/bin/grep
ac_cv_path_HEAD=/usr/bin/head
ac_cv_path_JAVA_CHECK='/cygdrive/c/Program Files (x86)/Common Files/Oracle/Java/javapath/java'
ac_cv_path_LDD=/usr/bin/ldd
ac_cv_path_LN=/usr/bin/ln
ac_cv_path_LS=/usr/bin/ls
ac_cv_path_MKDIR=/usr/bin/mkdir
ac_cv_path_MKTEMP=/usr/bin/mktemp
ac_cv_path_MV=/usr/bin/mv
ac_cv_path_NAWK=/usr/bin/gawk
ac_cv_path_POTENTIAL_CC='/cygdrive/c/Program Files (x86)/Microsoft Visual Studio 10.0/VC/BIN/amd64/cl'
ac_cv_path_POTENTIAL_CXX='/cygdrive/c/Program Files (x86)/Microsoft Visual Studio 10.0/VC/BIN/amd64/cl'
ac_cv_path_PRINTF=/usr/bin/printf
ac_cv_path_READELF=/usr/bin/readelf
ac_cv_path_READLINK=/usr/bin/readlink
ac_cv_path_RM=/usr/bin/rm
ac_cv_path_SED=/usr/bin/sed
ac_cv_path_SH=/usr/bin/sh
ac_cv_path_SORT=/usr/bin/sort
ac_cv_path_STAT=/usr/bin/stat
ac_cv_path_TAIL=/usr/bin/tail
ac_cv_path_TAR=/usr/bin/tar
ac_cv_path_TEE=/usr/bin/tee
ac_cv_path_TOUCH=/usr/bin/touch
ac_cv_path_TR=/usr/bin/tr
ac_cv_path_UNAME=/usr/bin/uname
ac_cv_path_UNIQ=/usr/bin/uniq
ac_cv_path_UNZIP=/usr/bin/unzip
ac_cv_path_WC=/usr/bin/wc
ac_cv_path_WHICH=/usr/bin/which
ac_cv_path_XARGS=/usr/bin/xargs
ac_cv_path_ZIP=/usr/bin/zip
ac_cv_prog_AWK=gawk
ac_cv_prog_BDEPS_FTP=ftp
ac_cv_prog_BDEPS_UNZIP=unzip
ac_cv_prog_CPP='/cygdrive/c/progra~2/micros~2.0/vc/bin/amd64/cl -E'
ac_cv_prog_CXXCPP='/cygdrive/c/progra~2/micros~2.0/vc/bin/amd64/cl -E'
ac_cv_prog_DUMPBIN=dumpbin
ac_cv_prog_MT=mt
ac_cv_prog_RC=rc
ac_cv_prog_WINAR=lib
ac_cv_prog_WINLD=link
ac_cv_prog_ac_ct_OBJDUMP=objdump
ac_cv_prog_cc_c89=
ac_cv_prog_cc_g=yes
ac_cv_prog_cxx_g=yes
ac_cv_sizeof_int_p=8
ac_cv_target=x86_64-unknown-cygwin

## ----------------- ##
## Output variables. ##
## ----------------- ##

ADD_SRC_ROOT=''
ALSA_CFLAGS=''
ALSA_LIBS=''
AR='/cygdrive/c/progra~2/micros~2.0/vc/bin/amd64/lib'
ARFLAGS='-nologo -NODEFAULTLIB:MSVCRT'
AR_OUT_OPTION='-out:'
AS='/cygdrive/c/progra~2/micros~2.0/vc/bin/amd64/cl -c'
AWK='gawk'
BASENAME='/usr/bin/basename'
BASH='/usr/bin/bash'
BDEPS_FTP='ftp'
BDEPS_UNZIP='unzip'
BOOT_JDK='/cygdrive/c/progra~1/java/jdk18~1.0_2'
BOOT_JDK_SOURCETARGET='-source 7 -target 7'
BOOT_RTJAR='/cygdrive/c/progra~1/java/jdk18~1.0_2/jre/lib/rt.jar'
BOOT_TOOLSJAR='/cygdrive/c/progra~1/java/jdk18~1.0_2/lib/tools.jar'
BUILD_CC='/cygdrive/c/progra~2/micros~2.0/vc/bin/amd64/cl'
BUILD_CXX='/cygdrive/c/progra~2/micros~2.0/vc/bin/amd64/cl'
BUILD_HEADLESS='BUILD_HEADLESS:=true'
BUILD_HOTSPOT='true'
BUILD_LD='/cygdrive/c/progra~2/micros~2.0/vc/bin/amd64/link'
BUILD_LOG='$(OUTPUT_ROOT)/build.log'
BUILD_LOG_PREVIOUS='$(OUTPUT_ROOT)/build.log.old'
BUILD_LOG_WRAPPER='$(BASH) $(SRC_ROOT)/common/bin/logger.sh $(BUILD_LOG)'
BUILD_OUTPUT='/cygdrive/d/xysziv/openjdk/build/windows-x86_64-normal-server-fastdebug'
BUILD_VARIANT_RELEASE='-fastdebug'
CACERTS_FILE='/cygdrive/d/xysziv/openjdk/jdk/src/share/lib/security/cacerts'
CAT='/usr/bin/cat'
CC='/cygdrive/c/progra~2/micros~2.0/vc/bin/amd64/cl'
CCACHE=''
CC_OUT_OPTION='-Fo'
CFLAGS=''
CFLAGS_DEBUG_SYMBOLS=''
CFLAGS_JDKEXE=' -nologo  -Zi -MD -Zc:wchar_t- -W3 -wd4800       -D_STATIC_CPPLIB -D_DISABLE_DEPRECATE_STATIC_CPPLIB -DWIN32_LEAN_AND_MEAN       -D_CRT_SECURE_NO_DEPRECATE -D_CRT_NONSTDC_NO_DEPRECATE       -DWIN32 -DIAL -D_AMD64_ -Damd64  -D_LITTLE_ENDIAN -DWINDOWS -DDEBUG -DARCH='\''"amd64"'\'' -Damd64 -DRELEASE='\''"$(RELEASE)"'\''       -I/cygdrive/d/xysziv/openjdk/build/windows-x86_64-normal-server-fastdebug/jdk/include       -I/cygdrive/d/xysziv/openjdk/build/windows-x86_64-normal-server-fastdebug/jdk/include/windows       -I/cygdrive/d/xysziv/openjdk/jdk/src/share/javavm/export       -I/cygdrive/d/xysziv/openjdk/jdk/src/windows/javavm/export       -I/cygdrive/d/xysziv/openjdk/jdk/src/share/native/common       -I/cygdrive/d/xysziv/openjdk/jdk/src/windows/native/common   '
CFLAGS_JDKLIB=' -nologo  -Zi -MD -Zc:wchar_t- -W3 -wd4800       -D_STATIC_CPPLIB -D_DISABLE_DEPRECATE_STATIC_CPPLIB -DWIN32_LEAN_AND_MEAN       -D_CRT_SECURE_NO_DEPRECATE -D_CRT_NONSTDC_NO_DEPRECATE       -DWIN32 -DIAL -D_AMD64_ -Damd64  -D_LITTLE_ENDIAN -DWINDOWS -DDEBUG -DARCH='\''"amd64"'\'' -Damd64 -DRELEASE='\''"$(RELEASE)"'\''       -I/cygdrive/d/xysziv/openjdk/build/windows-x86_64-normal-server-fastdebug/jdk/include       -I/cygdrive/d/xysziv/openjdk/build/windows-x86_64-normal-server-fastdebug/jdk/include/windows       -I/cygdrive/d/xysziv/openjdk/jdk/src/share/javavm/export       -I/cygdrive/d/xysziv/openjdk/jdk/src/windows/javavm/export       -I/cygdrive/d/xysziv/openjdk/jdk/src/share/native/common       -I/cygdrive/d/xysziv/openjdk/jdk/src/windows/native/common     '
CHECK_GMAKE=''
CHECK_MAKE='/usr/bin/make'
CHECK_TOOLSDIR_GMAKE=''
CHECK_TOOLSDIR_MAKE=''
CHMOD='/usr/bin/chmod'
CMP='/usr/bin/cmp'
CODESIGN=''
COMM='/usr/bin/comm'
COMPANY_NAME='N/A'
COMPILER_NAME='cl'
COMPILER_SUPPORTS_TARGET_BITS_FLAG='true'
COMPILER_TARGET_BITS_FLAG='-m'
COMPILER_TYPE='CL'
COMPILE_TYPE='native'
COMPRESS_JARS='false'
CONFIGURE_COMMAND_LINE='--with-freetype=/cygdrive/d/xysziv/freetype-2.7 --with-target-bits=64 --enable-debug'
CONF_NAME='windows-x86_64-normal-server-fastdebug'
COOKED_BUILD_NUMBER='0'
COPYRIGHT_YEAR='2021'
CORBA_TOPDIR='/cygdrive/d/xysziv/openjdk/corba'
CP='/usr/bin/cp'
CPIO='/usr/bin/cpio'
CPP='/cygdrive/c/progra~2/micros~2.0/vc/bin/amd64/cl -E'
CPPFLAGS=''
CUPS_CFLAGS=''
CUSTOM_MAKE_DIR=''
CUT='/usr/bin/cut'
CXX='/cygdrive/c/progra~2/micros~2.0/vc/bin/amd64/cl'
CXXCPP='/cygdrive/c/progra~2/micros~2.0/vc/bin/amd64/cl -E'
CXXFLAGS=' -I/cygdrive/d/xysziv/freetype-2.7/include'
CXXFLAGS_DEBUG_SYMBOLS=''
CXXFLAGS_JDKEXE=' -nologo  -Zi -MD -Zc:wchar_t- -W3 -wd4800       -D_STATIC_CPPLIB -D_DISABLE_DEPRECATE_STATIC_CPPLIB -DWIN32_LEAN_AND_MEAN       -D_CRT_SECURE_NO_DEPRECATE -D_CRT_NONSTDC_NO_DEPRECATE       -DWIN32 -DIAL -D_AMD64_ -Damd64  -D_LITTLE_ENDIAN -DWINDOWS -DDEBUG -DARCH='\''"amd64"'\'' -Damd64 -DRELEASE='\''"$(RELEASE)"'\''       -I/cygdrive/d/xysziv/openjdk/build/windows-x86_64-normal-server-fastdebug/jdk/include       -I/cygdrive/d/xysziv/openjdk/build/windows-x86_64-normal-server-fastdebug/jdk/include/windows       -I/cygdrive/d/xysziv/openjdk/jdk/src/share/javavm/export       -I/cygdrive/d/xysziv/openjdk/jdk/src/windows/javavm/export       -I/cygdrive/d/xysziv/openjdk/jdk/src/share/native/common       -I/cygdrive/d/xysziv/openjdk/jdk/src/windows/native/common   '
CXXFLAGS_JDKLIB=' -nologo  -Zi -MD -Zc:wchar_t- -W3 -wd4800       -D_STATIC_CPPLIB -D_DISABLE_DEPRECATE_STATIC_CPPLIB -DWIN32_LEAN_AND_MEAN       -D_CRT_SECURE_NO_DEPRECATE -D_CRT_NONSTDC_NO_DEPRECATE       -DWIN32 -DIAL -D_AMD64_ -Damd64  -D_LITTLE_ENDIAN -DWINDOWS -DDEBUG -DARCH='\''"amd64"'\'' -Damd64 -DRELEASE='\''"$(RELEASE)"'\''       -I/cygdrive/d/xysziv/openjdk/build/windows-x86_64-normal-server-fastdebug/jdk/include       -I/cygdrive/d/xysziv/openjdk/build/windows-x86_64-normal-server-fastdebug/jdk/include/windows       -I/cygdrive/d/xysziv/openjdk/jdk/src/share/javavm/export       -I/cygdrive/d/xysziv/openjdk/jdk/src/windows/javavm/export       -I/cygdrive/d/xysziv/openjdk/jdk/src/share/native/common       -I/cygdrive/d/xysziv/openjdk/jdk/src/windows/native/common      '
CXX_FLAG_DEPS='-MMD -MF'
CXX_FLAG_REORDER=''
CXX_O_FLAG_HI='-O1'
CXX_O_FLAG_HIGHEST='-O2'
CXX_O_FLAG_NONE='-Od'
CXX_O_FLAG_NORM='-O1'
CYGPATH='/usr/bin/cygpath'
CYGWIN_LINK='/usr/bin/link'
C_FLAG_DEPS='-MMD -MF'
C_FLAG_REORDER=''
C_O_FLAG_HI='-O1'
C_O_FLAG_HIGHEST='-O2'
C_O_FLAG_NONE='-Od'
C_O_FLAG_NORM='-O1'
DATE='/usr/bin/date'
DATE_WHEN_CONFIGURED='Wed Jun  2 17:11:01 CST 2021'
DEBUG_CLASSFILES='true'
DEBUG_LEVEL='fastdebug'
DEFINE_CROSS_COMPILE_ARCH=''
DEFS='-DHAVE_CONFIG_H'
DF='/usr/bin/df'
DIFF='/usr/bin/diff'
DIRNAME='/usr/bin/dirname'
DSYMUTIL=''
DUMPBIN='/cygdrive/c/progra~2/micros~2.0/vc/bin/amd64/dumpbin'
ECHO='/usr/bin/echo'
ECHO_C=''
ECHO_N='-n'
ECHO_T=''
EGREP='/usr/bin/grep -E'
ENABLE_DEBUG_SYMBOLS='true'
ENABLE_INTREE_EC='yes'
ENABLE_SJAVAC='no'
EXEEXT='.exe'
EXE_OUT_OPTION='-out:'
EXE_SUFFIX='.exe'
EXPR='/usr/bin/expr'
FASTDEBUG='true'
FGREP='/usr/bin/grep -F'
FILE='/usr/bin/file'
FIND='/usr/bin/find'
FIND_DELETE='-delete'
FIXPATH='/cygdrive/d/xysziv/openjdk/build/windows-x86_64-normal-server-fastdebug/fixpath.exe -c'
FREETYPE_BUNDLE_LIB_PATH='/cygdrive/d/xysziv/freetype-2.7/lib'
FREETYPE_CFLAGS='-I/cygdrive/d/xysziv/freetype-2.7/include'
FREETYPE_LIBS='/cygdrive/d/xysziv/freetype-2.7/lib/freetype.lib'
GNM=''
GREP='/usr/bin/grep'
HEAD='/usr/bin/head'
HG=''
HOTSPOT_CXX='C:/progra~2/micros~2.0/vc/bin/amd64/cl.exe'
HOTSPOT_DIST='/cygdrive/d/xysziv/openjdk/build/windows-x86_64-normal-server-fastdebug/hotspot/dist'
HOTSPOT_LD='C:/progra~2/micros~2.0/vc/bin/amd64/link.exe'
HOTSPOT_MAKE_ARGS='fastdebug  docs export_fastdebug'
HOTSPOT_MT='C:/progra~2/micros~2/windows/v7.0a/bin/x64/mt.exe'
HOTSPOT_RC='C:/progra~2/micros~2/windows/v7.0a/bin/x64/rc.exe'
HOTSPOT_TOPDIR='/cygdrive/d/xysziv/openjdk/hotspot'
INCLUDE_SA='true'
IS_GNU_TIME='no'
JAVAC_CHECK=''
JAVAC_FLAGS=' -g'
JAVA_CHECK='/cygdrive/c/Program Files (x86)/Common Files/Oracle/Java/javapath/java'
JAVA_FLAGS=' '
JAVA_FLAGS_BIG=' -Xms64M -Xmx1600M -XX:ThreadStackSize=1536'
JAVA_FLAGS_SMALL=' -XX:+UseSerialGC -Xms32M -Xmx512M'
JAXP_TOPDIR='/cygdrive/d/xysziv/openjdk/jaxp'
JAXWS_TOPDIR='/cygdrive/d/xysziv/openjdk/jaxws'
JDK_BUILD_NUMBER='b00'
JDK_MAJOR_VERSION='1'
JDK_MICRO_VERSION='0'
JDK_MINOR_VERSION='8'
JDK_RC_PLATFORM_NAME='Platform'
JDK_TOPDIR='/cygdrive/d/xysziv/openjdk/jdk'
JDK_UPDATE_VERSION=''
JDK_VARIANT='normal'
JDK_VERSION='1.8.0'
JOBS='7'
JTREGEXE=''
JT_HOME=''
JVM_INTERPRETER='template'
JVM_VARIANTS=',server,'
JVM_VARIANT_CLIENT='false'
JVM_VARIANT_CORE='false'
JVM_VARIANT_KERNEL='false'
JVM_VARIANT_MINIMAL1='false'
JVM_VARIANT_SERVER='true'
JVM_VARIANT_ZERO='false'
JVM_VARIANT_ZEROSHARK='false'
LANGTOOLS_TOPDIR='/cygdrive/d/xysziv/openjdk/langtools'
LAUNCHER_NAME='openjdk'
LD='/cygdrive/c/progra~2/micros~2.0/vc/bin/amd64/link'
LDCXX='/cygdrive/c/progra~2/micros~2.0/vc/bin/amd64/link'
LDD='/usr/bin/ldd'
LDEXE='/cygdrive/c/progra~2/micros~2.0/vc/bin/amd64/link'
LDEXECXX='/cygdrive/c/progra~2/micros~2.0/vc/bin/amd64/link'
LDFLAGS=''
LDFLAGS_CXX_JDK=''
LDFLAGS_JDKEXE='  -nologo -opt:ref -incremental:no -debug /STACK:1048576'
LDFLAGS_JDKEXE_SUFFIX=''
LDFLAGS_JDKLIB='  -nologo -opt:ref -incremental:no -debug -dll -libpath:/cygdrive/d/xysziv/openjdk/build/windows-x86_64-normal-server-fastdebug/jdk/lib'
LDFLAGS_JDKLIB_SUFFIX=''
LD_OUT_OPTION='-out:'
LEGACY_EXTRA_CFLAGS=''
LEGACY_EXTRA_CXXFLAGS=''
LEGACY_EXTRA_LDFLAGS=''
LIBCXX=''
LIBDL=''
LIBFFI_CFLAGS=''
LIBFFI_LIBS=''
LIBM=''
LIBOBJS=''
LIBRARY_PREFIX=''
LIBS='-lm -ljpeg '
LIBZIP_CAN_USE_MMAP='true'
LIPO=''
LLVM_CFLAGS=''
LLVM_CONFIG=''
LLVM_LDFLAGS=''
LLVM_LIBS=''
LN='/usr/bin/ln'
LP64='LP64:='
LS='/usr/bin/ls'
LTLIBOBJS=''
MACOSX_BUNDLE_ID_BASE='net.java.openjdk'
MACOSX_BUNDLE_NAME_BASE='OpenJDK'
MACOSX_UNIVERSAL=''
MACOSX_VERSION_MIN=''
MAKE='/usr/bin/make'
MCS=''
MEMORY_SIZE='16296'
MILESTONE='internal'
MKDIR='/usr/bin/mkdir'
MKTEMP='/usr/bin/mktemp'
MSVCR_DLL='/cygdrive/c/progra~2/micros~2.0/vc/redist/x64/micros~1.crt/msvcr100.dll'
MT='/cygdrive/c/progra~2/micros~2/windows/v7.0a/bin/x64/mt'
MV='/usr/bin/mv'
NASHORN_TOPDIR='/cygdrive/d/xysziv/openjdk/nashorn'
NAWK='/usr/bin/gawk'
NM=''
NUM_CORES='8'
OBJC=''
OBJCFLAGS=''
OBJCOPY=''
OBJDUMP='/usr/bin/objdump'
OBJEXT='obj'
OBJ_SUFFIX='.obj'
OPENJDK_BUILD_AUTOCONF_NAME='x86_64-unknown-cygwin'
OPENJDK_BUILD_CPU='x86_64'
OPENJDK_BUILD_CPU_ARCH='x86'
OPENJDK_BUILD_CPU_BITS='64'
OPENJDK_BUILD_CPU_ENDIAN='little'
OPENJDK_BUILD_OS='windows'
OPENJDK_BUILD_OS_API='winapi'
OPENJDK_TARGET_AUTOCONF_NAME='x86_64-unknown-cygwin'
OPENJDK_TARGET_CPU='x86_64'
OPENJDK_TARGET_CPU_ARCH='x86'
OPENJDK_TARGET_CPU_BITS='64'
OPENJDK_TARGET_CPU_ENDIAN='little'
OPENJDK_TARGET_CPU_ISADIR=''
OPENJDK_TARGET_CPU_JLI_CFLAGS='-DLIBARCHNAME='\''"amd64"'\'''
OPENJDK_TARGET_CPU_LEGACY='amd64'
OPENJDK_TARGET_CPU_LEGACY_LIB='amd64'
OPENJDK_TARGET_CPU_LIBDIR='/amd64'
OPENJDK_TARGET_CPU_OSARCH='amd64'
OPENJDK_TARGET_OS='windows'
OPENJDK_TARGET_OS_API='winapi'
OPENJDK_TARGET_OS_API_DIR='windows'
OPENJDK_TARGET_OS_EXPORT_DIR='windows'
OPENWIN_HOME=''
OS_VERSION_MAJOR='3'
OS_VERSION_MICRO='7(0'
OS_VERSION_MINOR='1'
OTOOL='true'
OUTPUT_ROOT='/cygdrive/d/xysziv/openjdk/build/windows-x86_64-normal-server-fastdebug'
OVERRIDE_SRC_ROOT=''
PACKAGE_BUGREPORT='build-dev@openjdk.java.net'
PACKAGE_NAME='OpenJDK'
PACKAGE_PATH='/opt/local'
PACKAGE_STRING='OpenJDK jdk8'
PACKAGE_TARNAME='openjdk'
PACKAGE_URL='http://openjdk.java.net'
PACKAGE_VERSION='jdk8'
PATH_SEP=';'
PATH_SEPARATOR=':'
PKGHANDLER=''
PKG_CONFIG=''
POST_MCS_CMD=''
POST_STRIP_CMD=''
POTENTIAL_CC='/cygdrive/c/Program Files (x86)/Microsoft Visual Studio 10.0/VC/BIN/amd64/cl'
POTENTIAL_CXX='/cygdrive/c/Program Files (x86)/Microsoft Visual Studio 10.0/VC/BIN/amd64/cl'
PRINTF='/usr/bin/printf'
PRODUCT_NAME='OpenJDK'
PRODUCT_SUFFIX='Runtime Environment'
PROPER_COMPILER_CC=''
PROPER_COMPILER_CXX=''
RC='/cygdrive/c/progra~2/micros~2/windows/v7.0a/bin/x64/rc'
RC_FLAGS='-nologo -l 0x409 -r       -d "JDK_BUILD_ID=$(FULL_VERSION)"       -d "JDK_COMPANY=$(COMPANY_NAME)"       -d "JDK_COMPONENT=$(PRODUCT_NAME) $(JDK_RC_PLATFORM_NAME) binary"       -d "JDK_VER=$(JDK_MINOR_VERSION).$(JDK_MICRO_VERSION).$(if $(JDK_UPDATE_VERSION),$(JDK_UPDATE_VERSION),0).$(COOKED_BUILD_NUMBER)"       -d "JDK_COPYRIGHT=Copyright \xA9 2021"       -d "JDK_NAME=$(PRODUCT_NAME) $(JDK_RC_PLATFORM_NAME) $(JDK_MINOR_VERSION) $(JDK_UPDATE_META_TAG)"       -d "JDK_FVER=$(JDK_MINOR_VERSION),$(JDK_MICRO_VERSION),$(if $(JDK_UPDATE_VERSION),$(JDK_UPDATE_VERSION),0),$(COOKED_BUILD_NUMBER)"'
READELF='/usr/bin/readelf'
READLINK='/usr/bin/readlink'
REQUIRED_OS_NAME='Windows'
REQUIRED_OS_VERSION='5.2'
RM='/usr/bin/rm -f'
SALIB_NAME='sawindbg.dll'
SED='/usr/bin/sed'
SETFILE=''
SET_EXECUTABLE_ORIGIN=''
SET_OPENJDK='OPENJDK=true'
SET_SHARED_LIBRARY_MAPFILE=''
SET_SHARED_LIBRARY_NAME=''
SET_SHARED_LIBRARY_ORIGIN=''
SH='/usr/bin/sh'
SHARED_LIBRARY='$1.dll'
SHARED_LIBRARY_FLAGS='-LD'
SHARED_LIBRARY_SUFFIX='.dll'
SHELL='/bin/sh'
SJAVAC_SERVER_DIR=''
SJAVAC_SERVER_JAVA='/cygdrive/c/progra~1/java/jdk18~1.0_2/bin/java  -verbosegc -d64 -Xms6G -Xmx6G'
SORT='/usr/bin/sort'
SPEC='/cygdrive/d/xysziv/openjdk/build/windows-x86_64-normal-server-fastdebug/spec.gmk'
SRC_ROOT='/cygdrive/d/xysziv/openjdk'
STAT='/usr/bin/stat'
STATIC_CXX_SETTING=''
STATIC_LIBRARY='$1.lib'
STATIC_LIBRARY_SUFFIX='.lib'
STRIP=''
SUPPORT_HEADFUL='yes'
SUPPORT_HEADLESS='yes'
SYS_ROOT='/'
TAIL='/usr/bin/tail'
TAR='/usr/bin/tar'
TEE='/usr/bin/tee'
TEST_IN_BUILD='false'
TIME=''
TOOLS_DIR_CC=''
TOOLS_DIR_CXX=''
TOUCH='/usr/bin/touch'
TR='/usr/bin/tr'
UNAME='/usr/bin/uname'
UNIQ='/usr/bin/uniq'
UNLIMITED_CRYPTO='false'
UNZIP='/usr/bin/unzip'
USER_RELEASE_SUFFIX='administrator_2021_06_02_17_12'
USE_EXTERNAL_LIBGIF='false'
USE_EXTERNAL_LIBJPEG='true'
USE_EXTERNAL_LIBZ='false'
USE_PRECOMPILED_HEADER='1'
USING_BROKEN_SUSE_LD='no'
VARIANT='DBG'
VS_INCLUDE='C:\Program Files (x86)\Microsoft Visual Studio 10.0\VC\INCLUDE;C:\Program Files (x86)\Microsoft Visual Studio 10.0\VC\ATLMFC\INCLUDE;C:\Program Files (x86)\Microsoft SDKs\Windows\v7.0A\include;'
VS_LIB='C:\Program Files (x86)\Microsoft Visual Studio 10.0\VC\LIB\amd64;C:\Program Files (x86)\Microsoft Visual Studio 10.0\VC\ATLMFC\LIB\amd64;C:\Program Files (x86)\Microsoft SDKs\Windows\v7.0A\lib\x64;'
VS_PATH='/cygdrive/c/Program Files (x86)/Microsoft Visual Studio 10.0/VC/BIN/amd64:/cygdrive/c/Windows/Microsoft.NET/Framework64/v4.0.30319:/cygdrive/c/Windows/Microsoft.NET/Framework64/v3.5:/cygdrive/c/Program Files (x86)/Microsoft Visual Studio 10.0/VC/VCPackages:/cygdrive/c/Program Files (x86)/Microsoft Visual Studio 10.0/Common7/IDE:/cygdrive/c/Program Files (x86)/Microsoft Visual Studio 10.0/Common7/Tools:/cygdrive/c/Program Files (x86)/HTML Help Workshop:/cygdrive/c/Program Files (x86)/Microsoft SDKs/Windows/v7.0A/bin/NETFX 4.0 Tools/x64:/cygdrive/c/Program Files (x86)/Microsoft SDKs/Windows/v7.0A/bin/x64:/cygdrive/c/Program Files (x86)/Microsoft SDKs/Windows/v7.0A/bin:/usr/local/bin:/usr/bin:/cygdrive/c/Program Files (x86)/Common Files/Oracle/Java/javapath:/cygdrive/c/Windows/system32:/cygdrive/c/Windows:/cygdrive/c/Windows/System32/Wbem:/cygdrive/c/Windows/System32/WindowsPowerShell/v1.0:/cygdrive/c/Windows/System32/OpenSSH:/cygdrive/c/Program Files/Git/cmd:/cygdrive/c/Users/Administrator/AppData/Local/Microsoft/WindowsApps:/cygdrive/c/Program Files/JetBrains/IntelliJ IDEA 2020.3.3/bin'
WC='/usr/bin/wc'
WHICH='/usr/bin/which'
WINAR='/cygdrive/c/progra~2/micros~2.0/vc/bin/amd64/lib'
WINLD='/cygdrive/c/progra~2/micros~2.0/vc/bin/amd64/link'
XARGS='/usr/bin/xargs'
XATTR=''
XMKMF=''
X_CFLAGS=''
X_EXTRA_LIBS=''
X_LIBS=''
X_PRE_LIBS=''
ZERO_ARCHDEF='AMD64'
ZERO_ARCHFLAG='-m64'
ZIP='/usr/bin/zip'
ZIP_DEBUGINFO_FILES='true'
ac_ct_CC=''
ac_ct_CXX=''
ac_ct_OBJC=''
ac_ct_OBJCOPY=''
ac_ct_OBJDUMP='objdump'
ac_ct_PROPER_COMPILER_CC=''
ac_ct_PROPER_COMPILER_CXX=''
bindir='${exec_prefix}/bin'
build='x86_64-unknown-cygwin'
build_alias=''
build_cpu='x86_64'
build_os='cygwin'
build_vendor='unknown'
datadir='${datarootdir}'
datarootdir='${prefix}/share'
docdir='${datarootdir}/doc/${PACKAGE_TARNAME}'
dvidir='${docdir}'
exec_prefix='${prefix}'
host='x86_64-unknown-cygwin'
host_alias=''
host_cpu='x86_64'
host_os='cygwin'
host_vendor='unknown'
htmldir='${docdir}'
includedir='${prefix}/include'
infodir='${datarootdir}/info'
libdir='${exec_prefix}/lib'
libexecdir='${exec_prefix}/libexec'
localedir='${datarootdir}/locale'
localstatedir='${prefix}/var'
mandir='${datarootdir}/man'
oldincludedir='/usr/include'
pdfdir='${docdir}'
prefix='/usr/local'
program_transform_name='s,x,x,'
psdir='${docdir}'
sbindir='${exec_prefix}/sbin'
sharedstatedir='${prefix}/com'
sysconfdir='${prefix}/etc'
target='x86_64-unknown-cygwin'
target_alias=''
target_cpu='x86_64'
target_os='cygwin'
target_vendor='unknown'

## ----------- ##
## confdefs.h. ##
## ----------- ##

/* confdefs.h */
#define PACKAGE_NAME "OpenJDK"
#define PACKAGE_TARNAME "openjdk"
#define PACKAGE_VERSION "jdk8"
#define PACKAGE_STRING "OpenJDK jdk8"
#define PACKAGE_BUGREPORT "build-dev@openjdk.java.net"
#define PACKAGE_URL "http://openjdk.java.net"
#define STDC_HEADERS 1
#define HAVE_SYS_TYPES_H 1
#define HAVE_SYS_STAT_H 1
#define HAVE_STDLIB_H 1
#define HAVE_STRING_H 1
#define HAVE_MEMORY_H 1
#define HAVE_STDINT_H 1
#define HAVE_STDIO_H 1
#define SIZEOF_INT_P 8
#define X_DISPLAY_MISSING 1
#define HAVE_LIBJPEG 1
#define HAVE_LIBM 1

configure: exit 0
